[2019-07-22T20:05:52.873] [DEBUG] cheese - login => username:admin,password:123456
[2019-07-22T20:05:52.875] [DEBUG] cheese - admin
[2019-07-22T20:05:53.335] [DEBUG] cheese - null
[2019-07-22T20:05:53.335] [DEBUG] cheese - null
[2019-07-22T20:09:09.704] [DEBUG] cheese - login => username:admin,password:123456
[2019-07-22T20:09:09.705] [DEBUG] cheese - admin
[2019-07-22T20:09:09.709] [DEBUG] cheese - null
[2019-07-22T20:09:09.709] [DEBUG] cheese - null
[2019-07-22T20:47:51.990] [DEBUG] cheese - login => username:admin,password:123456
[2019-07-22T20:47:51.991] [DEBUG] cheese - admin
[2019-07-22T20:47:51.998] [DEBUG] cheese - null
[2019-07-22T20:47:51.998] [DEBUG] cheese - null
[2019-07-22T20:48:15.010] [DEBUG] cheese - login => username:admin,password:123456
[2019-07-22T20:48:15.011] [DEBUG] cheese - admin
[2019-07-22T20:48:15.012] [DEBUG] cheese - null
[2019-07-22T20:48:15.012] [DEBUG] cheese - null
[2019-07-22T20:48:59.155] [DEBUG] cheese - login => username:admin,password:123456
[2019-07-22T20:48:59.155] [DEBUG] cheese - admin
[2019-07-22T20:48:59.157] [DEBUG] cheese - null
[2019-07-22T20:48:59.157] [DEBUG] cheese - null
[2019-07-22T20:49:08.666] [DEBUG] cheese - login => username:admin,password:123456
[2019-07-22T20:49:08.666] [DEBUG] cheese - admin
[2019-07-22T20:49:08.668] [DEBUG] cheese - null
[2019-07-22T20:49:08.668] [DEBUG] cheese - null
[2019-07-22T20:50:46.442] [DEBUG] cheese - login => username:admin,password:123456
[2019-07-22T20:50:46.442] [DEBUG] cheese - admin
[2019-07-22T20:50:46.445] [DEBUG] cheese - null
[2019-07-22T20:50:46.445] [DEBUG] cheese - null
[2019-07-23T08:53:15.937] [DEBUG] cheese - login => username:admin,password:123456
[2019-07-23T08:53:15.939] [DEBUG] cheese - admin
[2019-07-23T08:53:15.945] [DEBUG] cheese - null
[2019-07-23T08:53:15.945] [DEBUG] cheese - null
[2019-07-23T08:54:08.164] [DEBUG] cheese - login => username:admin,password:123456
[2019-07-23T08:54:08.164] [DEBUG] cheese - admin
[2019-07-23T08:54:08.167] [DEBUG] cheese - null
[2019-07-23T08:54:08.167] [DEBUG] cheese - null
[2019-07-23T08:59:29.832] [DEBUG] cheese - login => username:admin,password:123456
[2019-07-23T08:59:29.832] [DEBUG] cheese - admin
[2019-07-23T08:59:29.835] [DEBUG] cheese - null
[2019-07-23T08:59:29.835] [DEBUG] cheese - null
[2019-07-23T11:09:31.077] [DEBUG] cheese - login => username:admin,password:123456
[2019-07-23T11:09:31.078] [DEBUG] cheese - admin
[2019-07-23T11:09:31.088] [DEBUG] cheese - null
[2019-07-23T11:09:31.088] [DEBUG] cheese - null
[2019-07-23T15:44:31.996] [DEBUG] cheese - login => username:admin,password:123456
[2019-07-23T15:44:31.997] [DEBUG] cheese - admin
[2019-07-23T15:44:32.003] [DEBUG] cheese - null
[2019-07-23T15:44:32.003] [DEBUG] cheese - null
[2019-07-24T11:16:36.024] [DEBUG] cheese - login => username:admin,password:123456
[2019-07-24T11:16:36.026] [DEBUG] cheese - admin
[2019-07-24T11:16:36.078] [DEBUG] cheese - null
[2019-07-24T11:16:36.078] [DEBUG] cheese - null
[2019-07-24T11:43:04.081] [DEBUG] cheese - login => username:admin,password:123456
[2019-07-24T11:43:04.081] [DEBUG] cheese - admin
[2019-07-24T11:43:04.083] [DEBUG] cheese - null
[2019-07-24T11:43:04.084] [DEBUG] cheese - null
[2019-07-24T15:45:46.681] [DEBUG] cheese - login => username:admin,password:12345+6
[2019-07-24T15:45:46.681] [DEBUG] cheese - admin
[2019-07-24T15:45:46.683] [DEBUG] cheese - null
[2019-07-24T15:45:46.683] [DEBUG] cheese - null
[2019-07-24T15:45:54.396] [DEBUG] cheese - login => username:admin,password:123456
[2019-07-24T15:45:54.396] [DEBUG] cheese - admin
[2019-07-24T15:45:54.398] [DEBUG] cheese - null
[2019-07-24T15:45:54.398] [DEBUG] cheese - null
[2019-07-24T19:46:07.442] [DEBUG] cheese - null
[2019-07-24T19:46:09.948] [DEBUG] cheese - null
[2019-07-24T19:46:14.241] [DEBUG] cheese - null
[2019-07-24T19:46:44.365] [DEBUG] cheese - null
[2019-07-24T19:46:51.706] [DEBUG] cheese - null
[2019-07-24T19:46:53.041] [DEBUG] cheese - null
[2019-07-24T19:46:53.717] [DEBUG] cheese - null
[2019-07-24T19:46:53.897] [DEBUG] cheese - null
[2019-07-24T19:46:54.065] [DEBUG] cheese - null
[2019-07-24T19:46:55.311] [DEBUG] cheese - null
[2019-07-24T19:47:52.310] [DEBUG] cheese - null
[2019-07-24T19:50:35.633] [DEBUG] cheese - null
[2019-07-24T20:16:57.044] [DEBUG] cheese - null
[2019-07-24T20:20:17.200] [DEBUG] cheese - null
[2019-07-24T20:20:58.179] [DEBUG] cheese - null
[2019-07-24T20:21:14.828] [DEBUG] cheese - null
[2019-07-24T20:22:16.197] [DEBUG] cheese - null
[2019-07-24T20:22:25.252] [DEBUG] cheese - null
[2019-07-24T20:23:07.356] [DEBUG] cheese - null
[2019-07-24T20:23:09.642] [DEBUG] cheese - null
[2019-07-24T20:37:59.770] [DEBUG] cheese - null
[2019-07-24T20:59:07.755] [DEBUG] cheese - login => username:Xcc,password:123456
[2019-07-24T20:59:07.756] [DEBUG] cheese - Xcc
[2019-07-24T20:59:07.757] [DEBUG] cheese - null
[2019-07-24T20:59:07.757] [DEBUG] cheese - null
[2019-07-24T20:59:17.544] [DEBUG] cheese - login => username:xcc,password:123456
[2019-07-24T20:59:17.544] [DEBUG] cheese - xcc
[2019-07-24T20:59:17.547] [DEBUG] cheese - null
[2019-07-24T20:59:17.547] [DEBUG] cheese - null
[2019-07-24T20:59:24.513] [DEBUG] cheese - login => username:admin,password:123456
[2019-07-24T20:59:24.513] [DEBUG] cheese - admin
[2019-07-24T20:59:24.515] [DEBUG] cheese - null
[2019-07-24T20:59:24.515] [DEBUG] cheese - null
[2019-07-24T20:59:44.844] [DEBUG] cheese - login => username:Xcc,password:123456
[2019-07-24T20:59:44.844] [DEBUG] cheese - Xcc
[2019-07-24T20:59:44.846] [DEBUG] cheese - null
[2019-07-24T20:59:44.846] [DEBUG] cheese - null
[2019-07-24T21:00:06.546] [DEBUG] cheese - login => username:admin,password:123456
[2019-07-24T21:00:06.546] [DEBUG] cheese - admin
[2019-07-24T21:00:06.549] [DEBUG] cheese - null
[2019-07-24T21:00:06.549] [DEBUG] cheese - null
[2019-07-24T21:03:45.733] [DEBUG] cheese - login => username:Xcc,password:123456
[2019-07-24T21:03:45.733] [DEBUG] cheese - Xcc
[2019-07-24T21:03:45.734] [DEBUG] cheese - null
[2019-07-24T21:03:45.734] [DEBUG] cheese - null
[2019-07-24T21:03:51.711] [DEBUG] cheese - login => username:admin,password:123456
[2019-07-24T21:03:51.711] [DEBUG] cheese - admin
[2019-07-24T21:03:51.713] [DEBUG] cheese - null
[2019-07-24T21:03:51.713] [DEBUG] cheese - null
[2019-07-24T21:08:04.190] [DEBUG] cheese - login => username:zcc,password:123456
[2019-07-24T21:08:04.190] [DEBUG] cheese - zcc
[2019-07-24T21:08:04.192] [DEBUG] cheese - null
[2019-07-24T21:08:04.192] [DEBUG] cheese - null
[2019-07-24T21:08:10.737] [DEBUG] cheese - login => username:zcc,password:123456
[2019-07-24T21:08:10.737] [DEBUG] cheese - zcc
[2019-07-24T21:08:10.740] [DEBUG] cheese - null
[2019-07-24T21:08:10.740] [DEBUG] cheese - null
[2019-07-24T21:10:45.057] [DEBUG] cheese - login => username:zcc,password:123456
[2019-07-24T21:10:45.057] [DEBUG] cheese - zcc
[2019-07-24T21:10:45.059] [DEBUG] cheese - null
[2019-07-24T21:10:45.059] [DEBUG] cheese - null
[2019-07-24T21:10:49.242] [DEBUG] cheese - login => username:zcc,password:123456
[2019-07-24T21:10:49.242] [DEBUG] cheese - zcc
[2019-07-24T21:10:49.244] [DEBUG] cheese - null
[2019-07-24T21:10:49.244] [DEBUG] cheese - null
[2019-07-24T21:10:52.906] [DEBUG] cheese - login => username:zcc,password:123456
[2019-07-24T21:10:52.906] [DEBUG] cheese - zcc
[2019-07-24T21:10:52.909] [DEBUG] cheese - null
[2019-07-24T21:10:52.909] [DEBUG] cheese - null
[2019-07-24T21:11:00.835] [DEBUG] cheese - login => username:admin,password:123456
[2019-07-24T21:11:00.835] [DEBUG] cheese - admin
[2019-07-24T21:11:00.838] [DEBUG] cheese - null
[2019-07-24T21:11:00.838] [DEBUG] cheese - null
[2019-07-24T21:11:40.656] [DEBUG] cheese - login => username:zcc,password:123456
[2019-07-24T21:11:40.656] [DEBUG] cheese - zcc
[2019-07-24T21:11:40.659] [DEBUG] cheese - null
[2019-07-24T21:11:40.659] [DEBUG] cheese - null
[2019-07-24T21:11:43.579] [DEBUG] cheese - null
[2019-07-24T21:11:43.584] [DEBUG] cheese - null
[2019-07-24T21:11:46.998] [DEBUG] cheese - null
[2019-07-24T21:11:47.000] [DEBUG] cheese - null
[2019-07-24T21:11:47.010] [DEBUG] cheese - null
[2019-07-24T21:11:47.013] [DEBUG] cheese - null
[2019-07-24T21:12:06.353] [DEBUG] cheese - login => username:admin,password:123456
[2019-07-24T21:12:06.353] [DEBUG] cheese - admin
[2019-07-24T21:12:06.358] [DEBUG] cheese - null
[2019-07-24T21:12:06.358] [DEBUG] cheese - null
[2019-07-24T21:12:26.624] [DEBUG] cheese - login => username:Xcc,password:123456
[2019-07-24T21:12:26.624] [DEBUG] cheese - Xcc
[2019-07-24T21:12:26.626] [DEBUG] cheese - null
[2019-07-24T21:12:26.626] [DEBUG] cheese - null
[2019-07-24T21:12:28.988] [DEBUG] cheese - null
[2019-07-24T21:12:28.991] [DEBUG] cheese - null
[2019-07-24T21:13:33.031] [DEBUG] cheese - null
[2019-07-24T21:13:33.038] [DEBUG] cheese - null
[2019-07-24T21:13:44.880] [DEBUG] cheese - login => username:admin,password:123456
[2019-07-24T21:13:44.880] [DEBUG] cheese - admin
[2019-07-24T21:13:44.883] [DEBUG] cheese - null
[2019-07-24T21:13:44.883] [DEBUG] cheese - null
[2019-07-24T21:16:57.189] [DEBUG] cheese - login => username:admin,password:123456
[2019-07-24T21:16:57.189] [DEBUG] cheese - admin
[2019-07-24T21:16:57.193] [DEBUG] cheese - null
[2019-07-24T21:16:57.193] [DEBUG] cheese - null
[2019-07-24T21:26:32.299] [DEBUG] cheese - login => username:admin,password:123456
[2019-07-24T21:26:32.300] [DEBUG] cheese - admin
[2019-07-24T21:26:32.302] [DEBUG] cheese - null
[2019-07-24T21:26:32.302] [DEBUG] cheese - null
[2019-07-25T15:33:10.861] [DEBUG] cheese - login => username:admin,password:123456
[2019-07-25T15:33:10.863] [DEBUG] cheese - admin
[2019-07-25T15:33:11.252] [DEBUG] cheese - null
[2019-07-25T15:33:11.252] [DEBUG] cheese - null
[2019-07-25T15:34:51.327] [DEBUG] cheese - login => username:admin,password:123456
[2019-07-25T15:34:51.327] [DEBUG] cheese - admin
[2019-07-25T15:34:51.330] [DEBUG] cheese - null
[2019-07-25T15:34:51.330] [DEBUG] cheese - null
[2019-07-25T15:35:07.380] [DEBUG] cheese - login => username:admin,password:123456
[2019-07-25T15:35:07.380] [DEBUG] cheese - admin
[2019-07-25T15:35:07.381] [DEBUG] cheese - null
[2019-07-25T15:35:07.381] [DEBUG] cheese - null
[2019-07-25T15:36:07.251] [DEBUG] cheese - login => username:admin,password:123456
[2019-07-25T15:36:07.251] [DEBUG] cheese - admin
[2019-07-25T15:36:07.254] [DEBUG] cheese - null
[2019-07-25T15:36:07.254] [DEBUG] cheese - null
[2019-07-25T15:37:38.401] [DEBUG] cheese - login => username:admin,password:123456
[2019-07-25T15:37:38.401] [DEBUG] cheese - admin
[2019-07-25T15:37:38.402] [DEBUG] cheese - null
[2019-07-25T15:37:38.403] [DEBUG] cheese - null
[2019-07-25T19:33:17.844] [DEBUG] cheese - login => username:admin,password:123456
[2019-07-25T19:33:17.845] [DEBUG] cheese - admin
[2019-07-25T19:33:18.002] [DEBUG] cheese - null
[2019-07-25T19:33:18.002] [DEBUG] cheese - null
[2019-07-25T19:37:11.694] [DEBUG] cheese - login => username:admin,password:123456
[2019-07-25T19:37:11.694] [DEBUG] cheese - admin
[2019-07-25T19:37:11.696] [DEBUG] cheese - null
[2019-07-25T19:37:11.696] [DEBUG] cheese - null
[2019-07-25T19:37:41.587] [DEBUG] cheese - login => username:admin,password:123456
[2019-07-25T19:37:41.588] [DEBUG] cheese - admin
[2019-07-25T19:37:41.591] [DEBUG] cheese - null
[2019-07-25T19:37:41.591] [DEBUG] cheese - null
[2019-07-25T19:39:05.920] [DEBUG] cheese - login => username:admin,password:123456
[2019-07-25T19:39:05.920] [DEBUG] cheese - admin
[2019-07-25T19:39:05.921] [DEBUG] cheese - null
[2019-07-25T19:39:05.921] [DEBUG] cheese - null
[2019-07-25T21:57:04.382] [DEBUG] cheese - login => username:admin,password:123456
[2019-07-25T21:57:04.382] [DEBUG] cheese - admin
[2019-07-25T21:57:04.386] [DEBUG] cheese - null
[2019-07-25T21:57:04.387] [DEBUG] cheese - null
[2019-07-26T10:05:02.882] [DEBUG] cheese - login => username:admin,password:123456
[2019-07-26T10:05:02.884] [DEBUG] cheese - admin
[2019-07-26T10:05:02.944] [DEBUG] cheese - null
[2019-07-26T10:05:02.944] [DEBUG] cheese - null
[2019-07-26T16:36:09.343] [DEBUG] cheese - null
[2019-07-26T16:36:34.853] [DEBUG] cheese - null
[2019-07-26T16:36:53.624] [DEBUG] cheese - null
[2019-07-26T16:39:44.507] [DEBUG] cheese - null
[2019-07-27T09:22:35.649] [DEBUG] cheese - login => username:admin,password:123456
[2019-07-27T09:22:35.650] [DEBUG] cheese - admin
[2019-07-27T09:22:35.695] [DEBUG] cheese - null
[2019-07-27T09:22:35.695] [DEBUG] cheese - null
[2019-07-27T09:22:43.224] [DEBUG] cheese - null
[2019-07-27T09:22:43.225] [DEBUG] cheese - null
[2019-07-27T09:27:51.305] [DEBUG] cheese - null
[2019-07-27T09:27:51.307] [DEBUG] cheese - null
[2019-07-27T09:29:31.546] [DEBUG] cheese - null
[2019-07-27T09:29:31.549] [DEBUG] cheese - null
[2019-07-27T09:32:47.728] [DEBUG] cheese - null
[2019-07-27T09:32:47.731] [DEBUG] cheese - null
[2019-07-27T09:32:54.020] [DEBUG] cheese - null
[2019-07-27T09:32:54.022] [DEBUG] cheese - null
[2019-07-27T09:33:08.924] [DEBUG] cheese - null
[2019-07-27T09:33:08.927] [DEBUG] cheese - null
[2019-07-27T09:33:28.709] [DEBUG] cheese - null
[2019-07-27T09:33:28.711] [DEBUG] cheese - null
[2019-07-27T09:33:30.583] [DEBUG] cheese - null
[2019-07-27T09:33:30.586] [DEBUG] cheese - null
[2019-07-27T09:34:31.840] [DEBUG] cheese - null
[2019-07-27T09:34:31.842] [DEBUG] cheese - null
[2019-07-27T09:34:34.997] [DEBUG] cheese - null
[2019-07-27T09:34:35.001] [DEBUG] cheese - null
[2019-07-27T09:35:17.299] [DEBUG] cheese - null
[2019-07-27T09:35:17.304] [DEBUG] cheese - null
[2019-07-27T09:36:03.592] [DEBUG] cheese - null
[2019-07-27T09:36:03.594] [DEBUG] cheese - null
[2019-07-27T09:36:13.100] [DEBUG] cheese - null
[2019-07-27T09:36:13.104] [DEBUG] cheese - null
[2019-07-27T09:36:18.291] [DEBUG] cheese - null
[2019-07-27T09:36:18.294] [DEBUG] cheese - null
[2019-07-27T09:37:07.899] [DEBUG] cheese - null
[2019-07-27T09:37:07.901] [DEBUG] cheese - null
[2019-07-27T09:37:18.414] [DEBUG] cheese - null
[2019-07-27T09:37:18.417] [DEBUG] cheese - null
[2019-07-27T09:37:24.195] [DEBUG] cheese - null
[2019-07-27T09:37:24.197] [DEBUG] cheese - null
[2019-07-27T09:37:50.776] [DEBUG] cheese - null
[2019-07-27T09:37:50.783] [DEBUG] cheese - null
[2019-07-27T09:37:53.281] [DEBUG] cheese - null
[2019-07-27T09:37:53.285] [DEBUG] cheese - null
[2019-07-27T09:38:20.998] [DEBUG] cheese - null
[2019-07-27T09:38:21.000] [DEBUG] cheese - null
[2019-07-27T09:38:58.895] [DEBUG] cheese - null
[2019-07-27T09:38:58.901] [DEBUG] cheese - null
[2019-07-27T09:39:02.071] [DEBUG] cheese - null
[2019-07-27T09:39:02.074] [DEBUG] cheese - null
[2019-07-27T09:40:15.059] [DEBUG] cheese - null
[2019-07-27T09:40:15.061] [DEBUG] cheese - null
[2019-07-27T09:41:06.943] [DEBUG] cheese - null
[2019-07-27T09:41:06.945] [DEBUG] cheese - null
[2019-07-27T09:41:55.510] [DEBUG] cheese - null
[2019-07-27T09:41:55.513] [DEBUG] cheese - null
[2019-07-27T09:42:39.535] [DEBUG] cheese - null
[2019-07-27T09:42:39.538] [DEBUG] cheese - null
[2019-07-27T09:43:15.327] [DEBUG] cheese - null
[2019-07-27T09:43:15.330] [DEBUG] cheese - null
[2019-07-27T09:44:29.430] [DEBUG] cheese - null
[2019-07-27T09:44:29.434] [DEBUG] cheese - null
[2019-07-27T09:45:58.589] [DEBUG] cheese - null
[2019-07-27T09:45:58.591] [DEBUG] cheese - null
[2019-07-27T09:46:15.029] [DEBUG] cheese - null
[2019-07-27T09:46:15.031] [DEBUG] cheese - null
[2019-07-27T09:46:20.918] [DEBUG] cheese - null
[2019-07-27T09:46:20.920] [DEBUG] cheese - null
[2019-07-27T09:50:24.519] [DEBUG] cheese - null
[2019-07-27T09:50:24.523] [DEBUG] cheese - null
[2019-07-27T09:50:31.614] [DEBUG] cheese - null
[2019-07-27T09:50:31.617] [DEBUG] cheese - null
[2019-07-27T09:50:35.726] [DEBUG] cheese - null
[2019-07-27T09:50:35.729] [DEBUG] cheese - null
[2019-07-27T09:50:40.689] [DEBUG] cheese - null
[2019-07-27T09:50:40.691] [DEBUG] cheese - null
[2019-07-27T09:53:05.579] [DEBUG] cheese - null
[2019-07-27T09:53:05.583] [DEBUG] cheese - null
[2019-07-27T09:59:03.392] [DEBUG] cheese - null
[2019-07-27T09:59:03.395] [DEBUG] cheese - null
[2019-07-27T10:00:32.896] [DEBUG] cheese - null
[2019-07-27T10:00:32.899] [DEBUG] cheese - null
[2019-07-27T10:03:24.996] [DEBUG] cheese - null
[2019-07-27T10:03:24.997] [DEBUG] cheese - null
[2019-07-27T10:08:23.546] [DEBUG] cheese - null
[2019-07-27T10:08:23.548] [DEBUG] cheese - null
[2019-07-27T10:10:30.516] [DEBUG] cheese - null
[2019-07-27T10:10:30.518] [DEBUG] cheese - null
[2019-07-27T10:10:46.342] [DEBUG] cheese - null
[2019-07-27T10:10:46.344] [DEBUG] cheese - null
[2019-07-27T10:11:30.168] [DEBUG] cheese - null
[2019-07-27T10:11:30.169] [DEBUG] cheese - null
[2019-07-27T10:11:50.052] [DEBUG] cheese - null
[2019-07-27T10:11:50.054] [DEBUG] cheese - null
[2019-07-27T10:15:59.811] [DEBUG] cheese - null
[2019-07-27T10:15:59.812] [DEBUG] cheese - null
[2019-07-27T10:18:45.833] [DEBUG] cheese - null
[2019-07-27T10:18:45.834] [DEBUG] cheese - null
[2019-07-27T10:19:12.186] [DEBUG] cheese - null
[2019-07-27T10:19:12.188] [DEBUG] cheese - null
[2019-07-27T10:19:42.509] [DEBUG] cheese - null
[2019-07-27T10:19:42.518] [DEBUG] cheese - null
[2019-07-27T10:21:40.664] [DEBUG] cheese - null
[2019-07-27T10:21:40.666] [DEBUG] cheese - null
[2019-07-27T10:26:15.201] [DEBUG] cheese - null
[2019-07-27T10:26:15.215] [DEBUG] cheese - null
[2019-07-27T10:26:51.663] [DEBUG] cheese - null
[2019-07-27T10:26:51.665] [DEBUG] cheese - null
[2019-07-27T10:32:22.668] [DEBUG] cheese - null
[2019-07-27T10:32:22.671] [DEBUG] cheese - null
[2019-07-27T10:33:52.130] [DEBUG] cheese - null
[2019-07-27T10:33:52.131] [DEBUG] cheese - null
[2019-07-27T10:35:06.662] [DEBUG] cheese - null
[2019-07-27T10:35:06.667] [DEBUG] cheese - null
[2019-07-27T10:39:12.798] [DEBUG] cheese - null
[2019-07-27T10:39:12.800] [DEBUG] cheese - null
[2019-07-27T10:39:26.899] [DEBUG] cheese - null
[2019-07-27T10:39:26.902] [DEBUG] cheese - null
[2019-07-27T10:41:33.037] [DEBUG] cheese - null
[2019-07-27T10:41:33.040] [DEBUG] cheese - null
[2019-07-27T10:41:50.531] [DEBUG] cheese - null
[2019-07-27T10:41:50.533] [DEBUG] cheese - null
[2019-07-27T10:43:01.825] [DEBUG] cheese - null
[2019-07-27T10:43:01.830] [DEBUG] cheese - null
[2019-07-27T10:43:15.114] [DEBUG] cheese - null
[2019-07-27T10:43:15.115] [DEBUG] cheese - null
[2019-07-27T10:43:18.940] [DEBUG] cheese - null
[2019-07-27T10:43:18.942] [DEBUG] cheese - null
[2019-07-27T10:44:18.847] [DEBUG] cheese - null
[2019-07-27T10:44:18.853] [DEBUG] cheese - null
[2019-07-27T10:44:33.695] [DEBUG] cheese - null
[2019-07-27T10:44:33.697] [DEBUG] cheese - null
[2019-07-27T10:45:57.888] [DEBUG] cheese - null
[2019-07-27T10:45:57.890] [DEBUG] cheese - null
[2019-07-27T10:47:15.916] [DEBUG] cheese - null
[2019-07-27T10:47:15.919] [DEBUG] cheese - null
[2019-07-27T10:47:32.395] [DEBUG] cheese - null
[2019-07-27T10:47:32.397] [DEBUG] cheese - null
[2019-07-27T10:48:11.605] [DEBUG] cheese - null
[2019-07-27T10:48:11.610] [DEBUG] cheese - null
[2019-07-27T10:50:01.028] [DEBUG] cheese - login => username:admin,password:123456
[2019-07-27T10:50:01.028] [DEBUG] cheese - admin
[2019-07-27T10:50:01.031] [DEBUG] cheese - null
[2019-07-27T10:50:01.031] [DEBUG] cheese - null
[2019-07-27T10:50:04.747] [DEBUG] cheese - null
[2019-07-27T10:50:04.749] [DEBUG] cheese - null
[2019-07-27T10:50:09.158] [DEBUG] cheese - null
[2019-07-27T10:50:09.161] [DEBUG] cheese - null
[2019-07-27T10:50:11.730] [DEBUG] cheese - null
[2019-07-27T10:50:11.732] [DEBUG] cheese - null
[2019-07-27T10:50:23.028] [DEBUG] cheese - null
[2019-07-27T10:50:23.030] [DEBUG] cheese - null
[2019-07-27T10:50:23.232] [DEBUG] cheese - null
[2019-07-27T10:50:23.234] [DEBUG] cheese - null
[2019-07-27T10:50:27.136] [DEBUG] cheese - null
[2019-07-27T10:50:27.137] [DEBUG] cheese - null
[2019-07-27T10:50:40.974] [DEBUG] cheese - null
[2019-07-27T10:50:40.976] [DEBUG] cheese - null
[2019-07-27T10:50:41.030] [DEBUG] cheese - null
[2019-07-27T10:50:41.031] [DEBUG] cheese - null
[2019-07-27T10:50:57.416] [DEBUG] cheese - null
[2019-07-27T10:50:57.418] [DEBUG] cheese - null
[2019-07-27T10:50:57.483] [DEBUG] cheese - null
[2019-07-27T10:50:57.485] [DEBUG] cheese - null
[2019-07-27T10:50:59.397] [DEBUG] cheese - null
[2019-07-27T10:50:59.398] [DEBUG] cheese - null
[2019-07-27T10:51:09.146] [DEBUG] cheese - null
[2019-07-27T10:51:09.151] [DEBUG] cheese - null
[2019-07-27T10:51:09.297] [DEBUG] cheese - null
[2019-07-27T10:51:09.299] [DEBUG] cheese - null
[2019-07-27T10:51:12.781] [DEBUG] cheese - null
[2019-07-27T10:51:12.785] [DEBUG] cheese - null
[2019-07-27T10:51:13.922] [DEBUG] cheese - null
[2019-07-27T10:51:13.925] [DEBUG] cheese - null
[2019-07-27T10:51:15.671] [DEBUG] cheese - null
[2019-07-27T10:51:15.674] [DEBUG] cheese - null
[2019-07-27T10:51:15.681] [DEBUG] cheese - null
[2019-07-27T10:51:15.684] [DEBUG] cheese - null
[2019-07-27T10:51:18.675] [DEBUG] cheese - null
[2019-07-27T10:51:18.676] [DEBUG] cheese - null
[2019-07-27T10:51:33.991] [DEBUG] cheese - login => username:admin,password:123456
[2019-07-27T10:51:33.991] [DEBUG] cheese - admin
[2019-07-27T10:51:33.993] [DEBUG] cheese - null
[2019-07-27T10:51:33.993] [DEBUG] cheese - null
[2019-07-27T10:51:39.575] [DEBUG] cheese - null
[2019-07-27T10:51:39.578] [DEBUG] cheese - null
[2019-07-27T10:51:42.953] [DEBUG] cheese - null
[2019-07-27T10:51:42.955] [DEBUG] cheese - null
[2019-07-27T10:51:42.957] [DEBUG] cheese - null
[2019-07-27T10:51:42.958] [DEBUG] cheese - null
[2019-07-27T10:51:56.136] [DEBUG] cheese - null
[2019-07-27T10:51:56.138] [DEBUG] cheese - null
[2019-07-27T10:52:12.259] [DEBUG] cheese - null
[2019-07-27T10:52:12.261] [DEBUG] cheese - null
[2019-07-27T10:57:33.093] [DEBUG] cheese - null
[2019-07-27T10:57:33.098] [DEBUG] cheese - null
[2019-07-27T10:57:42.451] [DEBUG] cheese - null
[2019-07-27T10:57:42.452] [DEBUG] cheese - null
[2019-07-27T11:02:45.343] [DEBUG] cheese - null
[2019-07-27T11:02:45.352] [DEBUG] cheese - null
[2019-07-27T11:02:49.609] [DEBUG] cheese - null
[2019-07-27T11:02:49.611] [DEBUG] cheese - null
[2019-07-27T11:03:00.303] [DEBUG] cheese - null
[2019-07-27T11:03:00.304] [DEBUG] cheese - null
[2019-07-27T11:04:34.689] [DEBUG] cheese - null
[2019-07-27T11:04:34.691] [DEBUG] cheese - null
[2019-07-27T11:04:57.468] [DEBUG] cheese - null
[2019-07-27T11:04:57.472] [DEBUG] cheese - null
[2019-07-27T11:05:03.396] [DEBUG] cheese - null
[2019-07-27T11:05:03.399] [DEBUG] cheese - null
[2019-07-27T11:05:14.691] [DEBUG] cheese - null
[2019-07-27T11:05:14.692] [DEBUG] cheese - null
[2019-07-27T11:05:15.211] [DEBUG] cheese - null
[2019-07-27T11:05:15.213] [DEBUG] cheese - null
[2019-07-27T11:18:31.613] [DEBUG] cheese - null
[2019-07-27T11:18:31.615] [DEBUG] cheese - null
[2019-07-27T11:18:42.682] [DEBUG] cheese - null
[2019-07-27T11:18:42.685] [DEBUG] cheese - null
[2019-07-27T11:18:51.626] [DEBUG] cheese - null
[2019-07-27T11:18:51.627] [DEBUG] cheese - null
[2019-07-27T11:18:51.773] [DEBUG] cheese - null
[2019-07-27T11:18:51.775] [DEBUG] cheese - null
[2019-07-27T11:20:01.701] [DEBUG] cheese - null
[2019-07-27T11:20:01.706] [DEBUG] cheese - null
[2019-07-27T11:20:28.484] [DEBUG] cheese - null
[2019-07-27T11:20:28.489] [DEBUG] cheese - null
[2019-07-27T11:20:31.350] [DEBUG] cheese - null
[2019-07-27T11:20:31.352] [DEBUG] cheese - null
[2019-07-27T11:20:38.626] [DEBUG] cheese - null
[2019-07-27T11:20:38.627] [DEBUG] cheese - null
[2019-07-27T11:20:38.770] [DEBUG] cheese - null
[2019-07-27T11:20:38.771] [DEBUG] cheese - null
[2019-07-27T11:21:46.419] [DEBUG] cheese - null
[2019-07-27T11:21:46.420] [DEBUG] cheese - null
[2019-07-27T11:21:54.431] [DEBUG] cheese - null
[2019-07-27T11:21:54.433] [DEBUG] cheese - null
[2019-07-27T11:22:18.344] [DEBUG] cheese - null
[2019-07-27T11:22:18.348] [DEBUG] cheese - null
[2019-07-27T11:23:19.064] [DEBUG] cheese - null
[2019-07-27T11:23:19.067] [DEBUG] cheese - null
[2019-07-27T11:23:21.853] [DEBUG] cheese - null
[2019-07-27T11:23:21.856] [DEBUG] cheese - null
[2019-07-27T11:23:25.062] [DEBUG] cheese - null
[2019-07-27T11:23:25.064] [DEBUG] cheese - null
[2019-07-27T11:23:27.992] [DEBUG] cheese - null
[2019-07-27T11:23:27.994] [DEBUG] cheese - null
[2019-07-27T11:23:30.048] [DEBUG] cheese - null
[2019-07-27T11:23:30.050] [DEBUG] cheese - null
[2019-07-27T11:23:31.472] [DEBUG] cheese - null
[2019-07-27T11:23:31.473] [DEBUG] cheese - null
[2019-07-27T11:23:35.954] [DEBUG] cheese - null
[2019-07-27T11:23:35.956] [DEBUG] cheese - null
[2019-07-27T11:23:37.234] [DEBUG] cheese - null
[2019-07-27T11:23:37.236] [DEBUG] cheese - null
[2019-07-27T11:23:37.880] [DEBUG] cheese - null
[2019-07-27T11:23:37.882] [DEBUG] cheese - null
[2019-07-27T11:23:38.510] [DEBUG] cheese - null
[2019-07-27T11:23:38.511] [DEBUG] cheese - null
[2019-07-27T11:23:42.726] [DEBUG] cheese - null
[2019-07-27T11:23:42.728] [DEBUG] cheese - null
[2019-07-27T11:23:46.339] [DEBUG] cheese - null
[2019-07-27T11:23:46.340] [DEBUG] cheese - null
[2019-07-27T11:23:46.511] [DEBUG] cheese - null
[2019-07-27T11:23:46.512] [DEBUG] cheese - null
[2019-07-27T11:24:01.979] [DEBUG] cheese - null
[2019-07-27T11:24:01.982] [DEBUG] cheese - null
[2019-07-27T11:24:05.455] [DEBUG] cheese - null
[2019-07-27T11:24:05.457] [DEBUG] cheese - null
[2019-07-27T11:24:07.768] [DEBUG] cheese - null
[2019-07-27T11:24:07.771] [DEBUG] cheese - null
[2019-07-27T11:24:11.368] [DEBUG] cheese - null
[2019-07-27T11:24:11.370] [DEBUG] cheese - null
[2019-07-27T11:25:04.351] [DEBUG] cheese - null
[2019-07-27T11:25:04.353] [DEBUG] cheese - null
[2019-07-27T11:25:06.962] [DEBUG] cheese - null
[2019-07-27T11:25:06.963] [DEBUG] cheese - null
[2019-07-27T11:25:12.591] [DEBUG] cheese - null
[2019-07-27T11:25:12.599] [DEBUG] cheese - null
[2019-07-27T11:25:14.213] [DEBUG] cheese - null
[2019-07-27T11:25:14.215] [DEBUG] cheese - null
[2019-07-27T11:25:20.930] [DEBUG] cheese - null
[2019-07-27T11:25:20.931] [DEBUG] cheese - null
[2019-07-27T11:25:21.075] [DEBUG] cheese - null
[2019-07-27T11:25:21.077] [DEBUG] cheese - null
[2019-07-27T11:25:22.626] [DEBUG] cheese - null
[2019-07-27T11:25:22.627] [DEBUG] cheese - null
[2019-07-27T11:25:25.621] [DEBUG] cheese - null
[2019-07-27T11:25:25.624] [DEBUG] cheese - null
[2019-07-27T11:25:27.744] [DEBUG] cheese - null
[2019-07-27T11:25:27.746] [DEBUG] cheese - null
[2019-07-27T11:25:30.220] [DEBUG] cheese - null
[2019-07-27T11:25:30.221] [DEBUG] cheese - null
[2019-07-27T11:25:34.261] [DEBUG] cheese - null
[2019-07-27T11:25:34.263] [DEBUG] cheese - null
[2019-07-27T11:25:36.511] [DEBUG] cheese - null
[2019-07-27T11:25:36.513] [DEBUG] cheese - null
[2019-07-27T11:25:37.687] [DEBUG] cheese - null
[2019-07-27T11:25:37.688] [DEBUG] cheese - null
[2019-07-27T11:25:37.851] [DEBUG] cheese - null
[2019-07-27T11:25:37.853] [DEBUG] cheese - null
[2019-07-27T11:25:39.347] [DEBUG] cheese - null
[2019-07-27T11:25:39.352] [DEBUG] cheese - null
[2019-07-27T11:25:41.706] [DEBUG] cheese - null
[2019-07-27T11:25:41.710] [DEBUG] cheese - null
[2019-07-27T11:25:43.637] [DEBUG] cheese - null
[2019-07-27T11:25:43.639] [DEBUG] cheese - null
[2019-07-27T11:25:49.907] [DEBUG] cheese - null
[2019-07-27T11:25:49.909] [DEBUG] cheese - null
[2019-07-27T11:26:44.482] [DEBUG] cheese - null
[2019-07-27T11:26:44.485] [DEBUG] cheese - null
[2019-07-27T11:26:48.796] [DEBUG] cheese - null
[2019-07-27T11:26:48.799] [DEBUG] cheese - null
[2019-07-27T11:26:50.373] [DEBUG] cheese - null
[2019-07-27T11:26:50.375] [DEBUG] cheese - null
[2019-07-27T11:26:53.681] [DEBUG] cheese - null
[2019-07-27T11:26:53.683] [DEBUG] cheese - null
[2019-07-27T11:26:53.763] [DEBUG] cheese - null
[2019-07-27T11:26:53.766] [DEBUG] cheese - null
[2019-07-27T11:26:54.960] [DEBUG] cheese - null
[2019-07-27T11:26:54.964] [DEBUG] cheese - null
[2019-07-27T11:26:58.353] [DEBUG] cheese - null
[2019-07-27T11:26:58.356] [DEBUG] cheese - null
[2019-07-27T11:27:00.319] [DEBUG] cheese - null
[2019-07-27T11:27:00.330] [DEBUG] cheese - null
[2019-07-27T11:27:02.977] [DEBUG] cheese - null
[2019-07-27T11:27:02.979] [DEBUG] cheese - null
[2019-07-27T11:27:05.271] [DEBUG] cheese - null
[2019-07-27T11:27:05.272] [DEBUG] cheese - null
[2019-07-27T11:27:12.728] [DEBUG] cheese - null
[2019-07-27T11:27:12.737] [DEBUG] cheese - null
[2019-07-27T11:27:15.709] [DEBUG] cheese - null
[2019-07-27T11:27:15.711] [DEBUG] cheese - null
[2019-07-27T11:27:15.872] [DEBUG] cheese - null
[2019-07-27T11:27:15.873] [DEBUG] cheese - null
[2019-07-27T11:27:16.969] [DEBUG] cheese - null
[2019-07-27T11:27:16.972] [DEBUG] cheese - null
[2019-07-27T11:27:19.920] [DEBUG] cheese - null
[2019-07-27T11:27:19.922] [DEBUG] cheese - null
[2019-07-27T11:27:22.466] [DEBUG] cheese - null
[2019-07-27T11:27:22.469] [DEBUG] cheese - null
[2019-07-27T11:27:25.194] [DEBUG] cheese - null
[2019-07-27T11:27:25.195] [DEBUG] cheese - null
[2019-07-27T11:27:29.609] [DEBUG] cheese - null
[2019-07-27T11:27:29.610] [DEBUG] cheese - null
[2019-07-27T11:27:36.714] [DEBUG] cheese - null
[2019-07-27T11:27:36.716] [DEBUG] cheese - null
[2019-07-27T11:27:36.843] [DEBUG] cheese - null
[2019-07-27T11:27:36.846] [DEBUG] cheese - null
[2019-07-27T11:27:38.240] [DEBUG] cheese - null
[2019-07-27T11:27:38.242] [DEBUG] cheese - null
[2019-07-27T11:28:38.315] [DEBUG] cheese - null
[2019-07-27T11:28:38.329] [DEBUG] cheese - null
[2019-07-27T11:28:41.526] [DEBUG] cheese - null
[2019-07-27T11:28:41.528] [DEBUG] cheese - null
[2019-07-27T11:28:45.492] [DEBUG] cheese - null
[2019-07-27T11:28:45.493] [DEBUG] cheese - null
[2019-07-27T11:28:45.649] [DEBUG] cheese - null
[2019-07-27T11:28:45.651] [DEBUG] cheese - null
[2019-07-27T11:28:46.763] [DEBUG] cheese - null
[2019-07-27T11:28:46.765] [DEBUG] cheese - null
[2019-07-27T11:29:03.130] [DEBUG] cheese - null
[2019-07-27T11:29:03.132] [DEBUG] cheese - null
[2019-07-27T11:32:11.217] [DEBUG] cheese - null
[2019-07-27T11:32:11.218] [DEBUG] cheese - null
[2019-07-27T11:32:12.853] [DEBUG] cheese - null
[2019-07-27T11:32:12.854] [DEBUG] cheese - null
[2019-07-27T11:32:36.988] [DEBUG] cheese - null
[2019-07-27T11:32:36.991] [DEBUG] cheese - null
[2019-07-27T11:32:51.814] [DEBUG] cheese - null
[2019-07-27T11:32:51.815] [DEBUG] cheese - null
[2019-07-27T11:32:54.445] [DEBUG] cheese - null
[2019-07-27T11:32:54.446] [DEBUG] cheese - null
[2019-07-27T11:32:54.645] [DEBUG] cheese - null
[2019-07-27T11:32:54.646] [DEBUG] cheese - null
[2019-07-27T11:32:56.056] [DEBUG] cheese - null
[2019-07-27T11:32:56.058] [DEBUG] cheese - null
[2019-07-27T11:38:32.953] [DEBUG] cheese - null
[2019-07-27T11:38:32.954] [DEBUG] cheese - null
[2019-07-27T11:38:37.016] [DEBUG] cheese - null
[2019-07-27T11:38:37.025] [DEBUG] cheese - null
[2019-07-27T11:38:39.251] [DEBUG] cheese - null
[2019-07-27T11:38:39.253] [DEBUG] cheese - null
[2019-07-27T11:38:43.177] [DEBUG] cheese - null
[2019-07-27T11:38:43.188] [DEBUG] cheese - null
[2019-07-27T11:38:43.367] [DEBUG] cheese - null
[2019-07-27T11:38:43.376] [DEBUG] cheese - null
[2019-07-27T11:40:18.287] [DEBUG] cheese - null
[2019-07-27T11:40:18.288] [DEBUG] cheese - null
[2019-07-27T11:40:21.436] [DEBUG] cheese - null
[2019-07-27T11:40:21.438] [DEBUG] cheese - null
[2019-07-27T11:40:24.643] [DEBUG] cheese - null
[2019-07-27T11:40:24.645] [DEBUG] cheese - null
[2019-07-27T11:40:24.990] [DEBUG] cheese - null
[2019-07-27T11:40:24.992] [DEBUG] cheese - null
[2019-07-27T11:46:00.797] [DEBUG] cheese - null
[2019-07-27T11:46:00.798] [DEBUG] cheese - null
[2019-07-27T11:46:25.530] [DEBUG] cheese - null
[2019-07-27T11:46:25.531] [DEBUG] cheese - null
[2019-07-27T11:46:28.102] [DEBUG] cheese - null
[2019-07-27T11:46:28.105] [DEBUG] cheese - null
[2019-07-27T11:46:30.885] [DEBUG] cheese - null
[2019-07-27T11:46:30.886] [DEBUG] cheese - null
[2019-07-27T11:46:31.040] [DEBUG] cheese - null
[2019-07-27T11:46:31.042] [DEBUG] cheese - null
[2019-07-27T11:47:29.223] [DEBUG] cheese - null
[2019-07-27T11:47:29.224] [DEBUG] cheese - null
[2019-07-27T11:47:36.466] [DEBUG] cheese - null
[2019-07-27T11:47:36.467] [DEBUG] cheese - null
[2019-07-27T11:47:36.586] [DEBUG] cheese - null
[2019-07-27T11:47:36.588] [DEBUG] cheese - null
[2019-07-27T11:48:36.811] [DEBUG] cheese - null
[2019-07-27T11:48:36.812] [DEBUG] cheese - null
[2019-07-27T11:48:40.761] [DEBUG] cheese - null
[2019-07-27T11:48:40.762] [DEBUG] cheese - null
[2019-07-27T11:48:40.900] [DEBUG] cheese - null
[2019-07-27T11:48:40.901] [DEBUG] cheese - null
[2019-07-27T11:50:53.083] [DEBUG] cheese - null
[2019-07-27T11:50:53.084] [DEBUG] cheese - null
[2019-07-27T11:52:15.381] [DEBUG] cheese - null
[2019-07-27T11:52:15.397] [DEBUG] cheese - null
[2019-07-27T11:52:17.114] [DEBUG] cheese - null
[2019-07-27T11:52:17.116] [DEBUG] cheese - null
[2019-07-27T11:52:56.391] [DEBUG] cheese - null
[2019-07-27T11:52:56.392] [DEBUG] cheese - null
[2019-07-27T11:53:05.875] [DEBUG] cheese - null
[2019-07-27T11:53:05.878] [DEBUG] cheese - null
[2019-07-27T11:53:07.119] [DEBUG] cheese - null
[2019-07-27T11:53:07.121] [DEBUG] cheese - null
[2019-07-27T11:53:13.447] [DEBUG] cheese - null
[2019-07-27T11:53:13.449] [DEBUG] cheese - null
[2019-07-27T11:53:15.086] [DEBUG] cheese - null
[2019-07-27T11:53:15.088] [DEBUG] cheese - null
[2019-07-27T11:53:19.939] [DEBUG] cheese - null
[2019-07-27T11:53:19.940] [DEBUG] cheese - null
[2019-07-27T11:53:21.756] [DEBUG] cheese - null
[2019-07-27T11:53:21.757] [DEBUG] cheese - null
[2019-07-27T11:53:40.708] [DEBUG] cheese - null
[2019-07-27T11:53:40.709] [DEBUG] cheese - null
[2019-07-27T11:54:35.913] [DEBUG] cheese - null
[2019-07-27T11:54:35.915] [DEBUG] cheese - null
[2019-07-27T11:54:37.534] [DEBUG] cheese - null
[2019-07-27T11:54:37.536] [DEBUG] cheese - null
[2019-07-27T11:54:38.582] [DEBUG] cheese - null
[2019-07-27T11:54:38.584] [DEBUG] cheese - null
[2019-07-27T11:54:38.731] [DEBUG] cheese - null
[2019-07-27T11:54:38.732] [DEBUG] cheese - null
[2019-07-27T11:54:39.998] [DEBUG] cheese - null
[2019-07-27T11:54:40.000] [DEBUG] cheese - null
[2019-07-27T11:54:43.513] [DEBUG] cheese - null
[2019-07-27T11:54:43.515] [DEBUG] cheese - null
[2019-07-27T11:54:43.656] [DEBUG] cheese - null
[2019-07-27T11:54:43.657] [DEBUG] cheese - null
[2019-07-27T11:54:44.631] [DEBUG] cheese - null
[2019-07-27T11:54:44.632] [DEBUG] cheese - null
[2019-07-27T11:55:02.848] [DEBUG] cheese - null
[2019-07-27T11:55:02.850] [DEBUG] cheese - null
[2019-07-27T11:55:06.606] [DEBUG] cheese - null
[2019-07-27T11:55:06.607] [DEBUG] cheese - null
[2019-07-27T11:55:06.748] [DEBUG] cheese - null
[2019-07-27T11:55:06.750] [DEBUG] cheese - null
[2019-07-27T11:55:10.023] [DEBUG] cheese - null
[2019-07-27T11:55:10.024] [DEBUG] cheese - null
[2019-07-27T11:55:19.119] [DEBUG] cheese - null
[2019-07-27T11:55:19.120] [DEBUG] cheese - null
[2019-07-27T11:55:19.255] [DEBUG] cheese - null
[2019-07-27T11:55:19.257] [DEBUG] cheese - null
[2019-07-27T11:55:20.745] [DEBUG] cheese - null
[2019-07-27T11:55:20.746] [DEBUG] cheese - null
[2019-07-27T11:55:24.458] [DEBUG] cheese - null
[2019-07-27T11:55:24.460] [DEBUG] cheese - null
[2019-07-27T11:55:27.100] [DEBUG] cheese - null
[2019-07-27T11:55:27.101] [DEBUG] cheese - null
[2019-07-27T11:55:30.960] [DEBUG] cheese - null
[2019-07-27T11:55:30.961] [DEBUG] cheese - null
[2019-07-27T11:55:37.596] [DEBUG] cheese - null
[2019-07-27T11:55:37.598] [DEBUG] cheese - null
[2019-07-27T11:56:17.772] [DEBUG] cheese - null
[2019-07-27T11:56:17.774] [DEBUG] cheese - null
[2019-07-27T11:56:19.271] [DEBUG] cheese - null
[2019-07-27T11:56:19.272] [DEBUG] cheese - null
[2019-07-27T11:56:22.255] [DEBUG] cheese - null
[2019-07-27T11:56:22.257] [DEBUG] cheese - null
[2019-07-27T11:56:27.880] [DEBUG] cheese - null
[2019-07-27T11:56:27.881] [DEBUG] cheese - null
[2019-07-27T11:56:28.031] [DEBUG] cheese - null
[2019-07-27T11:56:28.034] [DEBUG] cheese - null
[2019-07-27T11:56:29.355] [DEBUG] cheese - null
[2019-07-27T11:56:29.356] [DEBUG] cheese - null
[2019-07-27T11:56:34.068] [DEBUG] cheese - null
[2019-07-27T11:56:34.070] [DEBUG] cheese - null
[2019-07-27T11:56:41.101] [DEBUG] cheese - null
[2019-07-27T11:56:41.102] [DEBUG] cheese - null
[2019-07-27T11:56:43.638] [DEBUG] cheese - null
[2019-07-27T11:56:43.640] [DEBUG] cheese - null
[2019-07-27T11:56:48.730] [DEBUG] cheese - null
[2019-07-27T11:56:48.731] [DEBUG] cheese - null
[2019-07-27T11:56:54.425] [DEBUG] cheese - null
[2019-07-27T11:56:54.426] [DEBUG] cheese - null
[2019-07-27T11:56:54.538] [DEBUG] cheese - null
[2019-07-27T11:56:54.539] [DEBUG] cheese - null
[2019-07-27T11:56:55.542] [DEBUG] cheese - null
[2019-07-27T11:56:55.543] [DEBUG] cheese - null
[2019-07-27T11:56:58.186] [DEBUG] cheese - null
[2019-07-27T11:56:58.195] [DEBUG] cheese - null
[2019-07-27T11:57:09.299] [DEBUG] cheese - null
[2019-07-27T11:57:09.300] [DEBUG] cheese - null
[2019-07-27T11:57:12.425] [DEBUG] cheese - null
[2019-07-27T11:57:12.427] [DEBUG] cheese - null
[2019-07-27T11:57:59.622] [DEBUG] cheese - null
[2019-07-27T11:57:59.624] [DEBUG] cheese - null
[2019-07-27T11:58:48.908] [DEBUG] cheese - null
[2019-07-27T11:58:48.909] [DEBUG] cheese - null
[2019-07-27T11:58:50.395] [DEBUG] cheese - null
[2019-07-27T11:58:50.400] [DEBUG] cheese - null
[2019-07-27T11:58:58.249] [DEBUG] cheese - null
[2019-07-27T11:58:58.251] [DEBUG] cheese - null
[2019-07-27T11:58:59.893] [DEBUG] cheese - null
[2019-07-27T11:58:59.896] [DEBUG] cheese - null
[2019-07-27T11:59:00.546] [DEBUG] cheese - null
[2019-07-27T11:59:00.547] [DEBUG] cheese - null
[2019-07-27T11:59:02.433] [DEBUG] cheese - null
[2019-07-27T11:59:02.434] [DEBUG] cheese - null
[2019-07-27T12:00:07.276] [DEBUG] cheese - login => username:admin,password:123456
[2019-07-27T12:00:07.276] [DEBUG] cheese - admin
[2019-07-27T12:00:07.278] [DEBUG] cheese - null
[2019-07-27T12:00:07.278] [DEBUG] cheese - null
[2019-07-27T12:00:11.096] [DEBUG] cheese - null
[2019-07-27T12:00:11.099] [DEBUG] cheese - null
[2019-07-27T12:00:12.627] [DEBUG] cheese - null
[2019-07-27T12:00:12.629] [DEBUG] cheese - null
[2019-07-27T14:31:33.169] [DEBUG] cheese - null
[2019-07-27T14:31:33.172] [DEBUG] cheese - null
[2019-07-27T14:31:36.585] [DEBUG] cheese - null
[2019-07-27T14:31:36.588] [DEBUG] cheese - null
[2019-07-27T14:31:42.200] [DEBUG] cheese - null
[2019-07-27T14:31:42.202] [DEBUG] cheese - null
[2019-07-27T14:31:49.841] [DEBUG] cheese - null
[2019-07-27T14:31:49.843] [DEBUG] cheese - null
[2019-07-27T14:35:33.483] [DEBUG] cheese - null
[2019-07-27T14:35:33.489] [DEBUG] cheese - null
[2019-07-27T14:35:47.436] [DEBUG] cheese - null
[2019-07-27T14:35:47.439] [DEBUG] cheese - null
[2019-07-27T14:36:02.931] [DEBUG] cheese - null
[2019-07-27T14:36:02.933] [DEBUG] cheese - null
[2019-07-27T14:36:15.004] [DEBUG] cheese - null
[2019-07-27T14:36:15.006] [DEBUG] cheese - null
[2019-07-27T14:36:17.503] [DEBUG] cheese - null
[2019-07-27T14:36:17.506] [DEBUG] cheese - null
[2019-07-27T14:37:48.657] [DEBUG] cheese - null
[2019-07-27T14:37:48.660] [DEBUG] cheese - null
[2019-07-27T15:50:19.102] [DEBUG] cheese - null
[2019-07-27T15:50:19.104] [DEBUG] cheese - null
[2019-07-27T15:50:21.700] [DEBUG] cheese - null
[2019-07-27T15:50:21.702] [DEBUG] cheese - null
[2019-07-27T15:50:24.908] [DEBUG] cheese - null
[2019-07-27T15:50:24.909] [DEBUG] cheese - null
[2019-07-27T15:50:28.234] [DEBUG] cheese - null
[2019-07-27T15:50:28.235] [DEBUG] cheese - null
[2019-07-27T15:50:29.273] [DEBUG] cheese - null
[2019-07-27T15:50:29.274] [DEBUG] cheese - null
[2019-07-27T15:50:36.507] [DEBUG] cheese - null
[2019-07-27T15:50:36.509] [DEBUG] cheese - null
[2019-07-27T15:50:54.057] [DEBUG] cheese - null
[2019-07-27T15:50:54.058] [DEBUG] cheese - null
[2019-07-27T15:50:55.401] [DEBUG] cheese - null
[2019-07-27T15:50:55.403] [DEBUG] cheese - null
[2019-07-27T15:50:56.668] [DEBUG] cheese - null
[2019-07-27T15:50:56.669] [DEBUG] cheese - null
[2019-07-27T15:50:57.359] [DEBUG] cheese - null
[2019-07-27T15:50:57.361] [DEBUG] cheese - null
[2019-07-27T15:50:58.137] [DEBUG] cheese - null
[2019-07-27T15:50:58.138] [DEBUG] cheese - null
[2019-07-27T15:50:58.843] [DEBUG] cheese - null
[2019-07-27T15:50:58.846] [DEBUG] cheese - null
[2019-07-27T15:51:00.221] [DEBUG] cheese - null
[2019-07-27T15:51:00.222] [DEBUG] cheese - null
[2019-07-27T15:51:03.315] [DEBUG] cheese - null
[2019-07-27T15:51:03.317] [DEBUG] cheese - null
[2019-07-27T15:51:12.831] [DEBUG] cheese - null
[2019-07-27T15:51:12.832] [DEBUG] cheese - null
[2019-07-27T15:51:13.974] [DEBUG] cheese - null
[2019-07-27T15:51:13.976] [DEBUG] cheese - null
[2019-07-27T15:51:21.060] [DEBUG] cheese - null
[2019-07-27T15:51:21.062] [DEBUG] cheese - null
[2019-07-27T15:51:22.303] [DEBUG] cheese - null
[2019-07-27T15:51:22.304] [DEBUG] cheese - null
[2019-07-27T15:51:23.035] [DEBUG] cheese - null
[2019-07-27T15:51:23.036] [DEBUG] cheese - null
[2019-07-27T15:51:30.446] [DEBUG] cheese - null
[2019-07-27T15:51:30.456] [DEBUG] cheese - null
[2019-07-27T15:51:53.708] [DEBUG] cheese - null
[2019-07-27T15:51:53.709] [DEBUG] cheese - null
[2019-07-27T15:51:53.712] [DEBUG] cheese - null
[2019-07-27T15:51:53.715] [DEBUG] cheese - null
[2019-07-27T15:51:56.286] [DEBUG] cheese - null
[2019-07-27T15:51:56.287] [DEBUG] cheese - null
[2019-07-27T15:51:57.509] [DEBUG] cheese - null
[2019-07-27T15:51:57.510] [DEBUG] cheese - null
[2019-07-27T15:52:14.599] [DEBUG] cheese - null
[2019-07-27T15:52:14.601] [DEBUG] cheese - null
[2019-07-27T15:52:16.154] [DEBUG] cheese - null
[2019-07-27T15:52:16.157] [DEBUG] cheese - null
[2019-07-27T15:52:55.298] [DEBUG] cheese - null
[2019-07-27T15:52:55.299] [DEBUG] cheese - null
[2019-07-27T15:53:10.710] [DEBUG] cheese - null
[2019-07-27T15:53:10.712] [DEBUG] cheese - null
[2019-07-27T15:53:13.867] [DEBUG] cheese - null
[2019-07-27T15:53:13.869] [DEBUG] cheese - null
[2019-07-27T15:53:23.427] [DEBUG] cheese - null
[2019-07-27T15:53:23.429] [DEBUG] cheese - null
[2019-07-27T15:53:24.774] [DEBUG] cheese - null
[2019-07-27T15:53:24.776] [DEBUG] cheese - null
[2019-07-27T15:53:24.777] [DEBUG] cheese - null
[2019-07-27T15:53:24.778] [DEBUG] cheese - null
[2019-07-27T15:53:27.999] [DEBUG] cheese - null
[2019-07-27T15:53:28.001] [DEBUG] cheese - null
[2019-07-27T15:53:31.106] [DEBUG] cheese - null
[2019-07-27T15:53:31.108] [DEBUG] cheese - null
[2019-07-27T15:53:54.015] [DEBUG] cheese - null
[2019-07-27T15:53:54.017] [DEBUG] cheese - null
[2019-07-27T15:53:58.846] [DEBUG] cheese - null
[2019-07-27T15:53:58.849] [DEBUG] cheese - null
[2019-07-27T15:53:58.850] [DEBUG] cheese - null
[2019-07-27T15:53:58.851] [DEBUG] cheese - null
[2019-07-27T15:54:00.226] [DEBUG] cheese - null
[2019-07-27T15:54:00.228] [DEBUG] cheese - null
[2019-07-27T15:54:02.274] [DEBUG] cheese - null
[2019-07-27T15:54:02.275] [DEBUG] cheese - null
[2019-07-27T15:54:02.277] [DEBUG] cheese - null
[2019-07-27T15:54:02.278] [DEBUG] cheese - null
[2019-07-27T16:03:27.132] [DEBUG] cheese - null
[2019-07-27T16:03:27.133] [DEBUG] cheese - null
[2019-07-27T16:03:55.618] [DEBUG] cheese - null
[2019-07-27T16:03:55.620] [DEBUG] cheese - null
[2019-07-27T16:04:00.511] [DEBUG] cheese - null
[2019-07-27T16:04:00.513] [DEBUG] cheese - null
[2019-07-27T16:04:05.269] [DEBUG] cheese - null
[2019-07-27T16:04:05.270] [DEBUG] cheese - null
[2019-07-27T16:04:10.913] [DEBUG] cheese - null
[2019-07-27T16:04:10.914] [DEBUG] cheese - null
[2019-07-27T16:09:46.093] [DEBUG] cheese - null
[2019-07-27T16:09:46.094] [DEBUG] cheese - null
[2019-07-27T16:09:56.600] [DEBUG] cheese - null
[2019-07-27T16:09:56.601] [DEBUG] cheese - null
[2019-07-27T16:10:01.690] [DEBUG] cheese - null
[2019-07-27T16:10:01.692] [DEBUG] cheese - null
[2019-07-27T16:10:05.817] [DEBUG] cheese - null
[2019-07-27T16:10:05.818] [DEBUG] cheese - null
[2019-07-27T16:10:08.441] [DEBUG] cheese - null
[2019-07-27T16:10:08.443] [DEBUG] cheese - null
[2019-07-27T16:10:12.892] [DEBUG] cheese - null
[2019-07-27T16:10:12.894] [DEBUG] cheese - null
[2019-07-27T16:10:13.554] [DEBUG] cheese - null
[2019-07-27T16:10:13.556] [DEBUG] cheese - null
[2019-07-27T16:10:18.718] [DEBUG] cheese - null
[2019-07-27T16:10:18.721] [DEBUG] cheese - null
[2019-07-27T16:10:19.223] [DEBUG] cheese - null
[2019-07-27T16:10:19.225] [DEBUG] cheese - null
[2019-07-27T16:10:24.238] [DEBUG] cheese - null
[2019-07-27T16:10:24.240] [DEBUG] cheese - null
[2019-07-27T16:10:25.921] [DEBUG] cheese - null
[2019-07-27T16:10:25.923] [DEBUG] cheese - null
[2019-07-27T16:10:28.865] [DEBUG] cheese - null
[2019-07-27T16:10:28.867] [DEBUG] cheese - null
[2019-07-27T16:10:32.594] [DEBUG] cheese - null
[2019-07-27T16:10:32.596] [DEBUG] cheese - null
[2019-07-27T16:10:53.638] [DEBUG] cheese - null
[2019-07-27T16:10:53.639] [DEBUG] cheese - null
[2019-07-27T16:19:02.616] [DEBUG] cheese - null
[2019-07-27T16:19:02.619] [DEBUG] cheese - null
[2019-07-27T16:19:09.167] [DEBUG] cheese - null
[2019-07-27T16:19:09.171] [DEBUG] cheese - null
[2019-07-27T16:19:16.559] [DEBUG] cheese - null
[2019-07-27T16:19:16.560] [DEBUG] cheese - null
[2019-07-27T16:20:16.925] [DEBUG] cheese - null
[2019-07-27T16:20:16.926] [DEBUG] cheese - null
[2019-07-27T16:20:40.227] [DEBUG] cheese - null
[2019-07-27T16:20:40.231] [DEBUG] cheese - null
[2019-07-27T16:20:43.088] [DEBUG] cheese - null
[2019-07-27T16:20:43.090] [DEBUG] cheese - null
[2019-07-27T16:20:51.037] [DEBUG] cheese - null
[2019-07-27T16:20:51.038] [DEBUG] cheese - null
[2019-07-27T16:20:54.018] [DEBUG] cheese - null
[2019-07-27T16:20:54.020] [DEBUG] cheese - null
[2019-07-27T16:23:08.041] [DEBUG] cheese - null
[2019-07-27T16:23:08.042] [DEBUG] cheese - null
[2019-07-27T16:23:08.541] [DEBUG] cheese - null
[2019-07-27T16:23:08.542] [DEBUG] cheese - null
[2019-07-27T16:24:43.406] [DEBUG] cheese - null
[2019-07-27T16:24:43.407] [DEBUG] cheese - null
[2019-07-27T16:24:44.363] [DEBUG] cheese - null
[2019-07-27T16:24:44.365] [DEBUG] cheese - null
[2019-07-27T16:28:09.708] [DEBUG] cheese - null
[2019-07-27T16:28:13.816] [DEBUG] cheese - null
[2019-07-27T16:31:07.834] [DEBUG] cheese - null
[2019-07-27T16:31:07.835] [DEBUG] cheese - null
[2019-07-27T16:31:08.736] [DEBUG] cheese - null
[2019-07-27T16:31:08.737] [DEBUG] cheese - null
[2019-07-27T16:31:09.418] [DEBUG] cheese - null
[2019-07-27T16:31:09.419] [DEBUG] cheese - null
[2019-07-27T16:31:10.094] [DEBUG] cheese - null
[2019-07-27T16:31:10.095] [DEBUG] cheese - null
[2019-07-27T16:32:52.303] [DEBUG] cheese - null
[2019-07-27T16:32:52.304] [DEBUG] cheese - null
[2019-07-27T16:38:21.188] [DEBUG] cheese - null
[2019-07-27T16:38:21.189] [DEBUG] cheese - null
[2019-07-27T16:38:23.421] [DEBUG] cheese - null
[2019-07-27T16:38:23.424] [DEBUG] cheese - null
[2019-07-27T16:38:33.708] [DEBUG] cheese - null
[2019-07-27T16:38:33.710] [DEBUG] cheese - null
[2019-07-27T16:47:26.541] [DEBUG] cheese - null
[2019-07-27T16:47:26.542] [DEBUG] cheese - null
[2019-07-27T16:51:25.162] [DEBUG] cheese - null
[2019-07-27T16:51:25.164] [DEBUG] cheese - null
[2019-07-27T16:54:21.911] [DEBUG] cheese - null
[2019-07-27T16:54:21.914] [DEBUG] cheese - null
[2019-07-27T16:54:28.830] [DEBUG] cheese - null
[2019-07-27T16:54:28.832] [DEBUG] cheese - null
[2019-07-27T16:54:58.279] [DEBUG] cheese - null
[2019-07-27T16:54:58.292] [DEBUG] cheese - null
[2019-07-27T16:56:50.510] [DEBUG] cheese - null
[2019-07-27T16:56:50.512] [DEBUG] cheese - null
[2019-07-27T16:56:56.263] [DEBUG] cheese - null
[2019-07-27T16:56:56.266] [DEBUG] cheese - null
[2019-07-27T16:58:01.019] [DEBUG] cheese - null
[2019-07-27T16:58:01.025] [DEBUG] cheese - null
[2019-07-27T17:00:47.249] [DEBUG] cheese - null
[2019-07-27T17:00:47.250] [DEBUG] cheese - null
[2019-07-27T17:01:07.949] [DEBUG] cheese - null
[2019-07-27T17:01:07.953] [DEBUG] cheese - null
[2019-07-27T17:01:55.775] [DEBUG] cheese - null
[2019-07-27T17:01:55.789] [DEBUG] cheese - null
[2019-07-27T17:04:04.396] [DEBUG] cheese - null
[2019-07-27T17:04:04.398] [DEBUG] cheese - null
[2019-07-27T17:04:09.988] [DEBUG] cheese - null
[2019-07-27T17:04:09.993] [DEBUG] cheese - null
[2019-07-27T17:04:16.607] [DEBUG] cheese - null
[2019-07-27T17:04:16.609] [DEBUG] cheese - null
[2019-07-27T17:04:20.690] [DEBUG] cheese - null
[2019-07-27T17:04:20.692] [DEBUG] cheese - null
[2019-07-27T17:05:24.372] [DEBUG] cheese - null
[2019-07-27T17:05:24.374] [DEBUG] cheese - null
[2019-07-27T17:07:13.314] [DEBUG] cheese - null
[2019-07-27T17:07:13.317] [DEBUG] cheese - null
[2019-07-27T17:07:39.559] [DEBUG] cheese - null
[2019-07-27T17:07:39.563] [DEBUG] cheese - null
[2019-07-27T17:09:43.664] [DEBUG] cheese - null
[2019-07-27T17:09:43.666] [DEBUG] cheese - null
[2019-07-27T17:15:16.405] [DEBUG] cheese - null
[2019-07-27T17:15:16.406] [DEBUG] cheese - null
[2019-07-27T17:15:27.410] [DEBUG] cheese - null
[2019-07-27T17:15:27.415] [DEBUG] cheese - null
[2019-07-27T17:15:31.835] [DEBUG] cheese - null
[2019-07-27T17:15:31.837] [DEBUG] cheese - null
[2019-07-27T17:15:34.033] [DEBUG] cheese - null
[2019-07-27T17:15:34.036] [DEBUG] cheese - null
[2019-07-27T17:16:01.014] [DEBUG] cheese - null
[2019-07-27T17:16:01.016] [DEBUG] cheese - null
[2019-07-27T17:16:06.785] [DEBUG] cheese - null
[2019-07-27T17:16:06.788] [DEBUG] cheese - null
[2019-07-27T17:16:58.006] [DEBUG] cheese - null
[2019-07-27T17:16:58.008] [DEBUG] cheese - null
[2019-07-27T17:17:12.373] [DEBUG] cheese - null
[2019-07-27T17:17:12.383] [DEBUG] cheese - null
[2019-07-27T17:18:38.986] [DEBUG] cheese - null
[2019-07-27T17:18:38.987] [DEBUG] cheese - null
[2019-07-27T17:19:15.918] [DEBUG] cheese - null
[2019-07-27T17:19:15.925] [DEBUG] cheese - null
[2019-07-27T17:23:25.098] [DEBUG] cheese - null
[2019-07-27T17:23:25.100] [DEBUG] cheese - null
[2019-07-27T17:23:53.128] [DEBUG] cheese - null
[2019-07-27T17:23:53.140] [DEBUG] cheese - null
[2019-07-27T17:25:34.956] [DEBUG] cheese - null
[2019-07-27T17:25:34.959] [DEBUG] cheese - null
[2019-07-27T17:26:05.930] [DEBUG] cheese - null
[2019-07-27T17:26:05.932] [DEBUG] cheese - null
[2019-07-27T17:26:31.982] [DEBUG] cheese - null
[2019-07-27T17:26:31.983] [DEBUG] cheese - null
[2019-07-27T17:26:57.130] [DEBUG] cheese - null
[2019-07-27T17:26:57.131] [DEBUG] cheese - null
[2019-07-27T17:28:05.655] [DEBUG] cheese - null
[2019-07-27T17:28:05.658] [DEBUG] cheese - null
[2019-07-27T17:28:10.843] [DEBUG] cheese - null
[2019-07-27T17:28:10.845] [DEBUG] cheese - null
[2019-07-27T17:30:39.276] [DEBUG] cheese - null
[2019-07-27T17:30:39.278] [DEBUG] cheese - null
[2019-07-27T17:30:47.012] [DEBUG] cheese - null
[2019-07-27T17:30:47.014] [DEBUG] cheese - null
[2019-07-27T17:30:51.392] [DEBUG] cheese - null
[2019-07-27T17:30:51.394] [DEBUG] cheese - null
[2019-07-27T17:31:55.893] [DEBUG] cheese - null
[2019-07-27T17:31:55.895] [DEBUG] cheese - null
[2019-07-27T17:32:19.131] [DEBUG] cheese - null
[2019-07-27T17:32:19.132] [DEBUG] cheese - null
[2019-07-27T17:32:20.144] [DEBUG] cheese - null
[2019-07-27T17:32:20.146] [DEBUG] cheese - null
[2019-07-27T17:32:34.850] [DEBUG] cheese - null
[2019-07-27T17:32:34.853] [DEBUG] cheese - null
[2019-07-27T17:32:55.148] [DEBUG] cheese - null
[2019-07-27T17:32:55.150] [DEBUG] cheese - null
[2019-07-27T17:32:59.268] [DEBUG] cheese - null
[2019-07-27T17:32:59.270] [DEBUG] cheese - null
[2019-07-27T17:33:45.396] [DEBUG] cheese - null
[2019-07-27T17:33:45.398] [DEBUG] cheese - null
[2019-07-27T17:33:46.751] [DEBUG] cheese - null
[2019-07-27T17:33:46.753] [DEBUG] cheese - null
[2019-07-27T17:33:48.376] [DEBUG] cheese - null
[2019-07-27T17:33:48.377] [DEBUG] cheese - null
[2019-07-27T17:33:50.776] [DEBUG] cheese - null
[2019-07-27T17:33:50.777] [DEBUG] cheese - null
[2019-07-27T17:38:37.331] [DEBUG] cheese - null
[2019-07-27T17:38:37.332] [DEBUG] cheese - null
[2019-07-27T17:39:23.327] [DEBUG] cheese - null
[2019-07-27T17:39:23.328] [DEBUG] cheese - null
[2019-07-27T17:39:30.009] [DEBUG] cheese - null
[2019-07-27T17:39:30.010] [DEBUG] cheese - null
[2019-07-27T17:39:30.012] [DEBUG] cheese - null
[2019-07-27T17:39:30.013] [DEBUG] cheese - null
[2019-07-27T17:40:39.722] [DEBUG] cheese - null
[2019-07-27T17:40:39.724] [DEBUG] cheese - null
[2019-07-27T17:40:50.116] [DEBUG] cheese - null
[2019-07-27T17:40:50.117] [DEBUG] cheese - null
[2019-07-27T17:40:50.119] [DEBUG] cheese - null
[2019-07-27T17:40:50.120] [DEBUG] cheese - null
[2019-07-27T17:45:43.337] [DEBUG] cheese - null
[2019-07-27T17:45:43.339] [DEBUG] cheese - null
[2019-07-27T17:47:16.642] [DEBUG] cheese - null
[2019-07-27T17:47:16.644] [DEBUG] cheese - null
[2019-07-27T17:47:16.646] [DEBUG] cheese - null
[2019-07-27T17:47:16.647] [DEBUG] cheese - null
[2019-07-27T17:47:39.800] [DEBUG] cheese - null
[2019-07-27T17:47:39.801] [DEBUG] cheese - null
[2019-07-27T17:51:47.997] [DEBUG] cheese - null
[2019-07-27T17:51:47.998] [DEBUG] cheese - null
[2019-07-27T17:51:58.696] [DEBUG] cheese - null
[2019-07-27T17:51:58.698] [DEBUG] cheese - null
[2019-07-27T17:51:58.699] [DEBUG] cheese - null
[2019-07-27T17:51:58.700] [DEBUG] cheese - null
[2019-07-27T17:52:21.063] [DEBUG] cheese - null
[2019-07-27T17:52:21.064] [DEBUG] cheese - null
[2019-07-27T17:52:25.102] [DEBUG] cheese - null
[2019-07-27T17:52:25.103] [DEBUG] cheese - null
[2019-07-27T17:52:25.104] [DEBUG] cheese - null
[2019-07-27T17:52:25.107] [DEBUG] cheese - null
[2019-07-27T19:07:56.137] [DEBUG] cheese - null
[2019-07-27T19:07:56.149] [DEBUG] cheese - null
[2019-07-27T19:07:59.042] [DEBUG] cheese - null
[2019-07-27T19:07:59.043] [DEBUG] cheese - null
[2019-07-27T19:07:59.045] [DEBUG] cheese - null
[2019-07-27T19:07:59.046] [DEBUG] cheese - null
[2019-07-27T19:08:23.367] [DEBUG] cheese - null
[2019-07-27T19:08:23.369] [DEBUG] cheese - null
[2019-07-27T19:08:27.260] [DEBUG] cheese - null
[2019-07-27T19:08:27.262] [DEBUG] cheese - null
[2019-07-27T19:08:27.263] [DEBUG] cheese - null
[2019-07-27T19:08:27.266] [DEBUG] cheese - null
[2019-07-27T19:09:07.107] [DEBUG] cheese - null
[2019-07-27T19:09:07.108] [DEBUG] cheese - null
[2019-07-27T19:09:13.729] [DEBUG] cheese - null
[2019-07-27T19:09:13.730] [DEBUG] cheese - null
[2019-07-27T19:09:13.732] [DEBUG] cheese - null
[2019-07-27T19:09:13.733] [DEBUG] cheese - null
[2019-07-27T19:12:13.505] [DEBUG] cheese - null
[2019-07-27T19:12:13.506] [DEBUG] cheese - null
[2019-07-27T19:12:22.278] [DEBUG] cheese - null
[2019-07-27T19:12:22.279] [DEBUG] cheese - null
[2019-07-27T19:12:22.281] [DEBUG] cheese - null
[2019-07-27T19:12:22.282] [DEBUG] cheese - null
[2019-07-27T19:12:40.482] [DEBUG] cheese - null
[2019-07-27T19:12:40.499] [DEBUG] cheese - null
[2019-07-27T19:12:43.519] [DEBUG] cheese - null
[2019-07-27T19:12:43.522] [DEBUG] cheese - null
[2019-07-27T19:12:43.524] [DEBUG] cheese - null
[2019-07-27T19:12:43.525] [DEBUG] cheese - null
[2019-07-27T19:13:00.055] [DEBUG] cheese - null
[2019-07-27T19:13:00.056] [DEBUG] cheese - null
[2019-07-27T19:13:03.217] [DEBUG] cheese - null
[2019-07-27T19:13:03.218] [DEBUG] cheese - null
[2019-07-27T19:13:03.220] [DEBUG] cheese - null
[2019-07-27T19:13:03.221] [DEBUG] cheese - null
[2019-07-27T19:16:39.699] [DEBUG] cheese - null
[2019-07-27T19:16:39.700] [DEBUG] cheese - null
[2019-07-27T19:16:44.658] [DEBUG] cheese - null
[2019-07-27T19:16:44.659] [DEBUG] cheese - null
[2019-07-27T19:16:44.661] [DEBUG] cheese - null
[2019-07-27T19:16:44.662] [DEBUG] cheese - null
[2019-07-27T19:19:15.819] [DEBUG] cheese - null
[2019-07-27T19:19:15.835] [DEBUG] cheese - null
[2019-07-27T19:19:19.347] [DEBUG] cheese - null
[2019-07-27T19:19:19.349] [DEBUG] cheese - null
[2019-07-27T19:19:19.350] [DEBUG] cheese - null
[2019-07-27T19:19:19.352] [DEBUG] cheese - null
[2019-07-27T19:19:35.071] [DEBUG] cheese - null
[2019-07-27T19:25:04.818] [DEBUG] cheese - null
[2019-07-27T19:25:04.820] [DEBUG] cheese - null
[2019-07-27T19:25:16.882] [DEBUG] cheese - null
[2019-07-27T19:25:16.883] [DEBUG] cheese - null
[2019-07-27T19:25:16.885] [DEBUG] cheese - null
[2019-07-27T19:25:16.886] [DEBUG] cheese - null
[2019-07-27T19:27:27.960] [DEBUG] cheese - null
[2019-07-27T19:27:27.962] [DEBUG] cheese - null
[2019-07-27T19:27:30.987] [DEBUG] cheese - null
[2019-07-27T19:27:30.989] [DEBUG] cheese - null
[2019-07-27T19:28:54.360] [DEBUG] cheese - null
[2019-07-27T19:28:54.361] [DEBUG] cheese - null
[2019-07-27T19:28:58.543] [DEBUG] cheese - null
[2019-07-27T19:28:58.544] [DEBUG] cheese - null
[2019-07-27T19:28:58.546] [DEBUG] cheese - null
[2019-07-27T19:28:58.547] [DEBUG] cheese - null
[2019-07-27T19:29:25.260] [DEBUG] cheese - null
[2019-07-27T19:29:25.262] [DEBUG] cheese - null
[2019-07-27T19:29:28.696] [DEBUG] cheese - null
[2019-07-27T19:29:28.697] [DEBUG] cheese - null
[2019-07-27T19:29:28.699] [DEBUG] cheese - null
[2019-07-27T19:29:28.700] [DEBUG] cheese - null
[2019-07-27T19:29:42.054] [DEBUG] cheese - null
[2019-07-27T19:29:42.056] [DEBUG] cheese - null
[2019-07-27T19:29:46.260] [DEBUG] cheese - null
[2019-07-27T19:29:46.262] [DEBUG] cheese - null
[2019-07-27T19:29:46.263] [DEBUG] cheese - null
[2019-07-27T19:29:46.264] [DEBUG] cheese - null
[2019-07-27T19:30:38.708] [DEBUG] cheese - null
[2019-07-27T19:30:38.718] [DEBUG] cheese - null
[2019-07-27T19:30:43.516] [DEBUG] cheese - null
[2019-07-27T19:30:43.517] [DEBUG] cheese - null
[2019-07-27T19:30:43.519] [DEBUG] cheese - null
[2019-07-27T19:30:43.520] [DEBUG] cheese - null
[2019-07-27T19:31:03.692] [DEBUG] cheese - null
[2019-07-27T19:31:03.697] [DEBUG] cheese - null
[2019-07-27T19:31:06.852] [DEBUG] cheese - null
[2019-07-27T19:31:06.853] [DEBUG] cheese - null
[2019-07-27T19:31:06.855] [DEBUG] cheese - null
[2019-07-27T19:31:06.857] [DEBUG] cheese - null
[2019-07-27T19:41:10.881] [DEBUG] cheese - null
[2019-07-27T19:41:10.885] [DEBUG] cheese - null
[2019-07-27T19:41:15.291] [DEBUG] cheese - null
[2019-07-27T19:41:15.292] [DEBUG] cheese - null
[2019-07-27T19:41:15.294] [DEBUG] cheese - null
[2019-07-27T19:41:15.294] [DEBUG] cheese - null
[2019-07-27T19:42:04.970] [DEBUG] cheese - null
[2019-07-27T19:42:04.974] [DEBUG] cheese - null
[2019-07-27T19:42:08.561] [DEBUG] cheese - null
[2019-07-27T19:42:08.562] [DEBUG] cheese - null
[2019-07-27T19:42:08.564] [DEBUG] cheese - null
[2019-07-27T19:42:08.565] [DEBUG] cheese - null
[2019-07-27T19:44:04.399] [DEBUG] cheese - null
[2019-07-27T19:44:04.400] [DEBUG] cheese - null
[2019-07-27T19:44:08.686] [DEBUG] cheese - null
[2019-07-27T19:44:08.690] [DEBUG] cheese - null
[2019-07-27T19:44:11.244] [DEBUG] cheese - null
[2019-07-27T19:44:11.245] [DEBUG] cheese - null
[2019-07-27T19:44:11.246] [DEBUG] cheese - null
[2019-07-27T19:44:11.247] [DEBUG] cheese - null
[2019-07-27T19:45:18.123] [DEBUG] cheese - null
[2019-07-27T19:45:18.124] [DEBUG] cheese - null
[2019-07-27T19:45:21.343] [DEBUG] cheese - null
[2019-07-27T19:45:21.344] [DEBUG] cheese - null
[2019-07-27T19:45:21.346] [DEBUG] cheese - null
[2019-07-27T19:45:21.346] [DEBUG] cheese - null
[2019-07-27T19:45:51.437] [DEBUG] cheese - null
[2019-07-27T19:45:51.439] [DEBUG] cheese - null
[2019-07-27T19:45:53.664] [DEBUG] cheese - null
[2019-07-27T19:45:53.666] [DEBUG] cheese - null
[2019-07-27T19:45:53.668] [DEBUG] cheese - null
[2019-07-27T19:45:53.669] [DEBUG] cheese - null
[2019-07-27T19:46:51.777] [DEBUG] cheese - null
[2019-07-27T19:47:04.905] [DEBUG] cheese - null
[2019-07-27T19:47:04.907] [DEBUG] cheese - null
[2019-07-27T19:47:05.958] [DEBUG] cheese - null
[2019-07-27T19:47:05.959] [DEBUG] cheese - null
[2019-07-27T19:47:12.581] [DEBUG] cheese - null
[2019-07-27T19:47:18.876] [DEBUG] cheese - null
[2019-07-27T19:47:18.877] [DEBUG] cheese - null
[2019-07-27T19:47:22.009] [DEBUG] cheese - null
[2019-07-27T19:47:22.011] [DEBUG] cheese - null
[2019-07-27T19:47:22.977] [DEBUG] cheese - null
[2019-07-27T19:47:22.979] [DEBUG] cheese - null
[2019-07-27T19:47:25.789] [DEBUG] cheese - null
[2019-07-27T19:47:25.791] [DEBUG] cheese - null
[2019-07-27T19:47:28.914] [DEBUG] cheese - null
[2019-07-27T19:47:28.924] [DEBUG] cheese - null
[2019-07-27T19:47:34.897] [DEBUG] cheese - null
[2019-07-27T19:47:34.898] [DEBUG] cheese - null
[2019-07-27T19:47:35.103] [DEBUG] cheese - null
[2019-07-27T19:47:35.105] [DEBUG] cheese - null
[2019-07-27T19:47:39.412] [DEBUG] cheese - null
[2019-07-27T19:47:39.413] [DEBUG] cheese - null
[2019-07-27T19:47:47.196] [DEBUG] cheese - null
[2019-07-27T19:47:47.198] [DEBUG] cheese - null
[2019-07-27T19:47:52.499] [DEBUG] cheese - null
[2019-07-27T19:47:59.488] [DEBUG] cheese - null
[2019-07-27T19:47:59.496] [DEBUG] cheese - null
[2019-07-27T19:48:08.127] [DEBUG] cheese - null
[2019-07-27T19:48:08.128] [DEBUG] cheese - null
[2019-07-27T19:48:08.289] [DEBUG] cheese - null
[2019-07-27T19:48:08.291] [DEBUG] cheese - null
[2019-07-27T19:48:14.964] [DEBUG] cheese - null
[2019-07-27T19:48:14.968] [DEBUG] cheese - null
[2019-07-27T19:48:18.314] [DEBUG] cheese - null
[2019-07-27T19:48:18.316] [DEBUG] cheese - null
[2019-07-27T19:48:21.933] [DEBUG] cheese - null
[2019-07-27T19:48:21.934] [DEBUG] cheese - null
[2019-07-27T19:48:27.519] [DEBUG] cheese - null
[2019-07-27T19:48:27.520] [DEBUG] cheese - null
[2019-07-27T19:48:27.671] [DEBUG] cheese - null
[2019-07-27T19:48:27.672] [DEBUG] cheese - null
[2019-07-27T19:48:33.897] [DEBUG] cheese - null
[2019-07-27T19:48:33.898] [DEBUG] cheese - null
[2019-07-27T19:48:36.208] [DEBUG] cheese - null
[2019-07-27T19:48:36.210] [DEBUG] cheese - null
[2019-07-27T19:48:36.345] [DEBUG] cheese - null
[2019-07-27T19:48:36.347] [DEBUG] cheese - null
[2019-07-27T19:57:55.173] [DEBUG] cheese - null
[2019-07-27T19:57:55.176] [DEBUG] cheese - null
[2019-07-27T19:57:58.326] [DEBUG] cheese - null
[2019-07-27T19:57:58.328] [DEBUG] cheese - null
[2019-07-27T19:57:59.278] [DEBUG] cheese - null
[2019-07-27T19:57:59.280] [DEBUG] cheese - null
[2019-07-27T19:58:01.501] [DEBUG] cheese - null
[2019-07-27T19:58:01.502] [DEBUG] cheese - null
[2019-07-27T19:58:06.482] [DEBUG] cheese - null
[2019-07-27T19:58:09.851] [DEBUG] cheese - null
[2019-07-27T19:58:26.704] [DEBUG] cheese - null
[2019-07-27T20:06:43.421] [DEBUG] cheese - null
[2019-07-27T20:06:43.422] [DEBUG] cheese - null
[2019-07-27T20:07:01.719] [DEBUG] cheese - null
[2019-07-27T20:07:01.720] [DEBUG] cheese - null
[2019-07-27T20:07:01.721] [DEBUG] cheese - null
[2019-07-27T20:07:01.722] [DEBUG] cheese - null
[2019-07-27T20:08:03.336] [DEBUG] cheese - null
[2019-07-27T20:08:03.344] [DEBUG] cheese - null
[2019-07-27T20:09:57.477] [DEBUG] cheese - null
[2019-07-27T20:09:57.478] [DEBUG] cheese - null
[2019-07-27T20:09:57.480] [DEBUG] cheese - null
[2019-07-27T20:09:57.482] [DEBUG] cheese - null
[2019-07-27T20:11:04.266] [DEBUG] cheese - null
[2019-07-27T20:11:04.268] [DEBUG] cheese - null
[2019-07-27T20:13:19.493] [DEBUG] cheese - null
[2019-07-27T20:13:19.494] [DEBUG] cheese - null
[2019-07-27T20:13:19.496] [DEBUG] cheese - null
[2019-07-27T20:13:19.497] [DEBUG] cheese - null
[2019-07-27T20:14:15.780] [DEBUG] cheese - null
[2019-07-27T20:14:15.781] [DEBUG] cheese - null
[2019-07-27T20:14:20.138] [DEBUG] cheese - null
[2019-07-27T20:14:20.146] [DEBUG] cheese - null
[2019-07-27T20:14:20.147] [DEBUG] cheese - null
[2019-07-27T20:14:20.148] [DEBUG] cheese - null
[2019-07-27T20:17:36.142] [DEBUG] cheese - null
[2019-07-27T20:17:36.146] [DEBUG] cheese - null
[2019-07-27T20:18:42.084] [DEBUG] cheese - null
[2019-07-27T20:18:42.086] [DEBUG] cheese - null
[2019-07-27T20:18:42.087] [DEBUG] cheese - null
[2019-07-27T20:18:42.088] [DEBUG] cheese - null
[2019-07-27T20:21:04.500] [DEBUG] cheese - null
[2019-07-27T20:21:04.503] [DEBUG] cheese - null
[2019-07-27T20:21:48.586] [DEBUG] cheese - null
[2019-07-27T20:21:48.601] [DEBUG] cheese - null
[2019-07-27T20:21:54.169] [DEBUG] cheese - null
[2019-07-27T20:21:54.172] [DEBUG] cheese - null
[2019-07-27T20:22:00.673] [DEBUG] cheese - null
[2019-07-27T20:22:00.674] [DEBUG] cheese - null
[2019-07-27T20:22:00.677] [DEBUG] cheese - null
[2019-07-27T20:22:00.678] [DEBUG] cheese - null
[2019-07-27T20:26:35.300] [DEBUG] cheese - null
[2019-07-27T20:26:35.303] [DEBUG] cheese - null
[2019-07-27T20:27:23.705] [DEBUG] cheese - null
[2019-07-27T20:27:23.707] [DEBUG] cheese - null
[2019-07-27T20:27:23.708] [DEBUG] cheese - null
[2019-07-27T20:27:23.709] [DEBUG] cheese - null
[2019-07-27T20:27:55.065] [DEBUG] cheese - null
[2019-07-27T20:27:55.067] [DEBUG] cheese - null
[2019-07-27T20:27:57.910] [DEBUG] cheese - null
[2019-07-27T20:27:57.912] [DEBUG] cheese - null
[2019-07-27T20:27:57.913] [DEBUG] cheese - null
[2019-07-27T20:27:57.914] [DEBUG] cheese - null
[2019-07-27T20:51:17.439] [DEBUG] cheese - null
[2019-07-27T20:51:17.445] [DEBUG] cheese - null
[2019-07-27T20:51:26.296] [DEBUG] cheese - null
[2019-07-27T20:51:26.297] [DEBUG] cheese - null
[2019-07-27T20:51:26.298] [DEBUG] cheese - null
[2019-07-27T20:51:26.299] [DEBUG] cheese - null
[2019-07-27T20:52:50.718] [DEBUG] cheese - null
[2019-07-27T20:52:50.720] [DEBUG] cheese - null
[2019-07-27T20:52:57.929] [DEBUG] cheese - null
[2019-07-27T20:52:57.931] [DEBUG] cheese - null
[2019-07-27T20:52:57.933] [DEBUG] cheese - null
[2019-07-27T20:52:57.934] [DEBUG] cheese - null
[2019-07-27T20:53:15.248] [DEBUG] cheese - null
[2019-07-27T20:53:15.249] [DEBUG] cheese - null
[2019-07-27T20:53:19.405] [DEBUG] cheese - null
[2019-07-27T20:53:19.406] [DEBUG] cheese - null
[2019-07-27T20:53:19.408] [DEBUG] cheese - null
[2019-07-27T20:53:19.409] [DEBUG] cheese - null
[2019-07-27T20:55:17.835] [DEBUG] cheese - null
[2019-07-27T20:55:17.837] [DEBUG] cheese - null
[2019-07-27T20:55:23.382] [DEBUG] cheese - null
[2019-07-27T20:55:23.384] [DEBUG] cheese - null
[2019-07-27T20:55:23.386] [DEBUG] cheese - null
[2019-07-27T20:55:23.387] [DEBUG] cheese - null
[2019-07-27T20:56:15.786] [DEBUG] cheese - null
[2019-07-27T20:56:15.788] [DEBUG] cheese - null
[2019-07-27T20:56:21.330] [DEBUG] cheese - null
[2019-07-27T20:56:21.331] [DEBUG] cheese - null
[2019-07-27T20:56:21.332] [DEBUG] cheese - null
[2019-07-27T20:56:21.333] [DEBUG] cheese - null
[2019-07-27T20:57:18.767] [DEBUG] cheese - null
[2019-07-27T20:57:18.770] [DEBUG] cheese - null
[2019-07-27T20:57:41.181] [DEBUG] cheese - null
[2019-07-27T20:57:41.184] [DEBUG] cheese - null
[2019-07-27T20:57:47.541] [DEBUG] cheese - null
[2019-07-27T20:57:47.544] [DEBUG] cheese - null
[2019-07-27T20:57:47.554] [DEBUG] cheese - null
[2019-07-27T20:57:47.555] [DEBUG] cheese - null
[2019-07-27T20:58:53.943] [DEBUG] cheese - null
[2019-07-27T20:58:53.946] [DEBUG] cheese - null
[2019-07-27T20:59:11.414] [DEBUG] cheese - null
[2019-07-27T20:59:11.416] [DEBUG] cheese - null
[2019-07-27T20:59:11.425] [DEBUG] cheese - null
[2019-07-27T20:59:11.427] [DEBUG] cheese - null
[2019-07-27T21:00:10.746] [DEBUG] cheese - null
[2019-07-27T21:00:10.748] [DEBUG] cheese - null
[2019-07-27T21:00:16.537] [DEBUG] cheese - null
[2019-07-27T21:00:16.539] [DEBUG] cheese - null
[2019-07-27T21:00:16.541] [DEBUG] cheese - null
[2019-07-27T21:00:16.542] [DEBUG] cheese - null
[2019-07-27T21:01:43.100] [DEBUG] cheese - null
[2019-07-27T21:01:43.102] [DEBUG] cheese - null
[2019-07-27T21:01:47.497] [DEBUG] cheese - null
[2019-07-27T21:01:47.498] [DEBUG] cheese - null
[2019-07-27T21:01:47.500] [DEBUG] cheese - null
[2019-07-27T21:01:47.500] [DEBUG] cheese - null
[2019-07-27T21:02:45.387] [DEBUG] cheese - null
[2019-07-27T21:02:45.389] [DEBUG] cheese - null
[2019-07-27T21:02:50.511] [DEBUG] cheese - null
[2019-07-27T21:02:50.513] [DEBUG] cheese - null
[2019-07-27T21:02:50.515] [DEBUG] cheese - null
[2019-07-27T21:02:50.516] [DEBUG] cheese - null
[2019-07-27T21:05:47.060] [DEBUG] cheese - null
[2019-07-27T21:05:47.065] [DEBUG] cheese - null
[2019-07-27T21:05:49.863] [DEBUG] cheese - null
[2019-07-27T21:05:49.864] [DEBUG] cheese - null
[2019-07-27T21:05:49.866] [DEBUG] cheese - null
[2019-07-27T21:05:49.869] [DEBUG] cheese - null
[2019-07-27T21:05:59.353] [DEBUG] cheese - null
[2019-07-27T21:05:59.357] [DEBUG] cheese - null
[2019-07-27T21:06:02.389] [DEBUG] cheese - null
[2019-07-27T21:06:02.390] [DEBUG] cheese - null
[2019-07-27T21:06:02.392] [DEBUG] cheese - null
[2019-07-27T21:06:02.393] [DEBUG] cheese - null
[2019-07-27T21:06:30.633] [DEBUG] cheese - null
[2019-07-27T21:06:30.634] [DEBUG] cheese - null
[2019-07-27T21:06:30.636] [DEBUG] cheese - null
[2019-07-27T21:06:30.637] [DEBUG] cheese - null
[2019-07-27T21:06:34.351] [DEBUG] cheese - null
[2019-07-27T21:06:34.352] [DEBUG] cheese - null
[2019-07-27T21:06:34.353] [DEBUG] cheese - null
[2019-07-27T21:06:34.353] [DEBUG] cheese - null
[2019-07-27T21:08:59.098] [DEBUG] cheese - null
[2019-07-27T21:08:59.099] [DEBUG] cheese - null
[2019-07-27T21:09:02.287] [DEBUG] cheese - null
[2019-07-27T21:09:02.290] [DEBUG] cheese - null
[2019-07-27T21:09:02.291] [DEBUG] cheese - null
[2019-07-27T21:09:02.293] [DEBUG] cheese - null
[2019-07-27T21:09:35.932] [DEBUG] cheese - null
[2019-07-27T21:09:35.933] [DEBUG] cheese - null
[2019-07-27T21:09:39.704] [DEBUG] cheese - null
[2019-07-27T21:09:39.705] [DEBUG] cheese - null
[2019-07-27T21:09:39.706] [DEBUG] cheese - null
[2019-07-27T21:09:39.707] [DEBUG] cheese - null
[2019-07-27T21:14:24.597] [DEBUG] cheese - null
[2019-07-27T21:14:24.600] [DEBUG] cheese - null
[2019-07-27T21:14:39.018] [DEBUG] cheese - null
[2019-07-27T21:14:39.018] [DEBUG] cheese - null
[2019-07-27T21:14:39.021] [DEBUG] cheese - null
[2019-07-27T21:14:39.022] [DEBUG] cheese - null
[2019-07-27T21:14:58.867] [DEBUG] cheese - null
[2019-07-27T21:14:58.870] [DEBUG] cheese - null
[2019-07-27T21:15:02.109] [DEBUG] cheese - null
[2019-07-27T21:15:02.110] [DEBUG] cheese - null
[2019-07-27T21:15:02.113] [DEBUG] cheese - null
[2019-07-27T21:15:02.115] [DEBUG] cheese - null
[2019-07-27T21:18:02.764] [DEBUG] cheese - null
[2019-07-27T21:18:02.765] [DEBUG] cheese - null
[2019-07-27T21:18:11.451] [DEBUG] cheese - null
[2019-07-27T21:18:11.452] [DEBUG] cheese - null
[2019-07-27T21:18:11.454] [DEBUG] cheese - null
[2019-07-27T21:18:11.455] [DEBUG] cheese - null
[2019-07-27T21:18:22.886] [DEBUG] cheese - null
[2019-07-27T21:18:22.889] [DEBUG] cheese - null
[2019-07-27T21:18:25.610] [DEBUG] cheese - null
[2019-07-27T21:18:25.611] [DEBUG] cheese - null
[2019-07-27T21:18:25.613] [DEBUG] cheese - null
[2019-07-27T21:18:25.615] [DEBUG] cheese - null
[2019-07-27T21:20:57.247] [DEBUG] cheese - null
[2019-07-27T21:20:57.249] [DEBUG] cheese - null
[2019-07-27T21:21:05.384] [DEBUG] cheese - null
[2019-07-27T21:21:05.385] [DEBUG] cheese - null
[2019-07-27T21:21:05.388] [DEBUG] cheese - null
[2019-07-27T21:21:05.390] [DEBUG] cheese - null
[2019-07-27T21:22:09.195] [DEBUG] cheese - null
[2019-07-27T21:22:09.196] [DEBUG] cheese - null
[2019-07-27T21:22:24.124] [DEBUG] cheese - null
[2019-07-27T21:22:24.125] [DEBUG] cheese - null
[2019-07-27T21:22:24.126] [DEBUG] cheese - null
[2019-07-27T21:22:24.129] [DEBUG] cheese - null
[2019-07-27T21:23:39.205] [DEBUG] cheese - null
[2019-07-27T21:23:39.219] [DEBUG] cheese - null
[2019-07-27T21:23:44.286] [DEBUG] cheese - null
[2019-07-27T21:23:44.288] [DEBUG] cheese - null
[2019-07-27T21:23:44.290] [DEBUG] cheese - null
[2019-07-27T21:23:44.292] [DEBUG] cheese - null
[2019-07-27T21:24:05.467] [DEBUG] cheese - null
[2019-07-27T21:24:05.469] [DEBUG] cheese - null
[2019-07-27T21:24:08.614] [DEBUG] cheese - null
[2019-07-27T21:24:08.615] [DEBUG] cheese - null
[2019-07-27T21:24:08.616] [DEBUG] cheese - null
[2019-07-27T21:24:08.617] [DEBUG] cheese - null
[2019-07-27T21:30:18.890] [DEBUG] cheese - null
[2019-07-27T21:30:18.892] [DEBUG] cheese - null
[2019-07-27T21:30:24.840] [DEBUG] cheese - null
[2019-07-27T21:30:24.842] [DEBUG] cheese - null
[2019-07-27T21:30:24.843] [DEBUG] cheese - null
[2019-07-27T21:30:24.844] [DEBUG] cheese - null
[2019-07-27T21:31:13.181] [DEBUG] cheese - null
[2019-07-27T21:31:13.183] [DEBUG] cheese - null
[2019-07-27T21:31:18.718] [DEBUG] cheese - null
[2019-07-27T21:31:18.719] [DEBUG] cheese - null
[2019-07-27T21:31:18.720] [DEBUG] cheese - null
[2019-07-27T21:31:18.721] [DEBUG] cheese - null
[2019-07-27T21:31:25.231] [DEBUG] cheese - null
[2019-07-27T21:31:50.114] [DEBUG] cheese - null
[2019-07-27T21:31:50.129] [DEBUG] cheese - null
[2019-07-27T21:31:54.110] [DEBUG] cheese - null
[2019-07-27T21:31:54.111] [DEBUG] cheese - null
[2019-07-27T21:31:55.173] [DEBUG] cheese - null
[2019-07-27T21:31:55.175] [DEBUG] cheese - null
[2019-07-27T21:31:58.337] [DEBUG] cheese - null
[2019-07-27T21:31:58.338] [DEBUG] cheese - null
[2019-07-27T21:33:04.618] [DEBUG] cheese - null
[2019-07-27T21:33:04.619] [DEBUG] cheese - null
[2019-07-27T21:33:57.866] [DEBUG] cheese - null
[2019-07-27T21:33:57.873] [DEBUG] cheese - null
[2019-07-27T21:34:08.009] [DEBUG] cheese - login => username:admin,password:123456
[2019-07-27T21:34:08.009] [DEBUG] cheese - admin
[2019-07-27T21:34:08.011] [DEBUG] cheese - null
[2019-07-27T21:34:08.011] [DEBUG] cheese - null
[2019-07-27T21:34:10.711] [DEBUG] cheese - null
[2019-07-27T21:34:10.712] [DEBUG] cheese - null
[2019-07-27T21:34:12.903] [DEBUG] cheese - null
[2019-07-27T21:34:12.904] [DEBUG] cheese - null
[2019-07-27T21:34:12.906] [DEBUG] cheese - null
[2019-07-27T21:34:12.907] [DEBUG] cheese - null
[2019-07-27T21:34:15.799] [DEBUG] cheese - null
[2019-07-27T21:34:26.192] [DEBUG] cheese - null
[2019-07-27T21:35:24.006] [DEBUG] cheese - null
[2019-07-27T21:35:24.008] [DEBUG] cheese - null
[2019-07-27T21:35:46.103] [DEBUG] cheese - null
[2019-07-27T21:35:46.104] [DEBUG] cheese - null
[2019-07-27T21:36:29.938] [DEBUG] cheese - null
[2019-07-27T21:36:29.940] [DEBUG] cheese - null
[2019-07-27T21:36:31.513] [DEBUG] cheese - null
[2019-07-27T21:36:31.515] [DEBUG] cheese - null
[2019-07-27T21:36:31.524] [DEBUG] cheese - null
[2019-07-27T21:36:31.526] [DEBUG] cheese - null
[2019-07-27T21:36:36.328] [DEBUG] cheese - null
[2019-07-27T21:36:36.329] [DEBUG] cheese - null
[2019-07-27T21:36:36.788] [DEBUG] cheese - null
[2019-07-27T21:36:36.790] [DEBUG] cheese - null
[2019-07-27T21:36:39.373] [DEBUG] cheese - null
[2019-07-27T21:36:39.376] [DEBUG] cheese - null
[2019-07-27T21:36:40.398] [DEBUG] cheese - null
[2019-07-27T21:36:40.403] [DEBUG] cheese - null
[2019-07-27T21:36:46.542] [DEBUG] cheese - null
[2019-07-27T21:36:46.543] [DEBUG] cheese - null
[2019-07-27T21:36:46.545] [DEBUG] cheese - null
[2019-07-27T21:36:46.545] [DEBUG] cheese - null
[2019-07-27T21:36:49.862] [DEBUG] cheese - null
[2019-07-27T21:36:52.740] [DEBUG] cheese - null
[2019-07-27T21:36:52.742] [DEBUG] cheese - null
[2019-07-27T21:36:55.126] [DEBUG] cheese - null
[2019-07-27T21:36:55.127] [DEBUG] cheese - null
[2019-07-27T21:36:55.128] [DEBUG] cheese - null
[2019-07-27T21:36:55.130] [DEBUG] cheese - null
[2019-07-27T21:37:17.717] [DEBUG] cheese - null
[2019-07-27T21:38:54.381] [DEBUG] cheese - null
[2019-07-27T21:38:54.384] [DEBUG] cheese - null
[2019-07-27T21:38:59.646] [DEBUG] cheese - null
[2019-07-27T21:38:59.647] [DEBUG] cheese - null
[2019-07-27T21:38:59.649] [DEBUG] cheese - null
[2019-07-27T21:38:59.650] [DEBUG] cheese - null
[2019-07-27T21:39:02.152] [DEBUG] cheese - null
[2019-07-27T21:39:02.153] [DEBUG] cheese - null
[2019-07-27T21:39:08.432] [DEBUG] cheese - null
[2019-07-27T21:39:08.434] [DEBUG] cheese - null
[2019-07-27T21:39:08.893] [DEBUG] cheese - null
[2019-07-27T21:39:08.895] [DEBUG] cheese - null
[2019-07-27T21:39:11.509] [DEBUG] cheese - null
[2019-07-27T21:39:11.511] [DEBUG] cheese - null
[2019-07-27T21:39:18.262] [DEBUG] cheese - null
[2019-07-27T21:39:18.263] [DEBUG] cheese - null
[2019-07-27T21:39:20.427] [DEBUG] cheese - null
[2019-07-27T21:39:20.428] [DEBUG] cheese - null
[2019-07-27T21:39:20.430] [DEBUG] cheese - null
[2019-07-27T21:39:20.430] [DEBUG] cheese - null
[2019-07-27T21:39:24.452] [DEBUG] cheese - null
[2019-07-27T21:44:35.188] [DEBUG] cheese - null
[2019-07-27T21:44:35.190] [DEBUG] cheese - null
[2019-07-27T21:44:38.320] [DEBUG] cheese - null
[2019-07-27T21:44:38.321] [DEBUG] cheese - null
[2019-07-27T21:44:38.323] [DEBUG] cheese - null
[2019-07-27T21:44:38.324] [DEBUG] cheese - null
[2019-07-27T21:44:43.094] [DEBUG] cheese - null
[2019-07-27T21:44:53.736] [DEBUG] cheese - null
[2019-07-27T21:44:53.742] [DEBUG] cheese - null
[2019-07-27T21:44:56.859] [DEBUG] cheese - null
[2019-07-27T21:44:56.860] [DEBUG] cheese - null
[2019-07-27T21:44:56.862] [DEBUG] cheese - null
[2019-07-27T21:44:56.863] [DEBUG] cheese - null
[2019-07-27T21:46:15.977] [DEBUG] cheese - null
[2019-07-27T21:46:15.980] [DEBUG] cheese - null
[2019-07-27T21:46:15.998] [DEBUG] cheese - null
[2019-07-27T21:46:16.001] [DEBUG] cheese - null
[2019-07-27T21:46:18.589] [DEBUG] cheese - null
[2019-07-27T21:46:18.592] [DEBUG] cheese - null
[2019-07-27T21:46:18.594] [DEBUG] cheese - null
[2019-07-27T21:46:18.596] [DEBUG] cheese - null
[2019-07-27T21:46:23.928] [DEBUG] cheese - null
[2019-07-27T21:47:48.070] [DEBUG] cheese - null
[2019-07-27T21:47:48.073] [DEBUG] cheese - null
[2019-07-27T21:47:54.085] [DEBUG] cheese - null
[2019-07-27T21:47:54.087] [DEBUG] cheese - null
[2019-07-27T21:47:54.089] [DEBUG] cheese - null
[2019-07-27T21:47:54.091] [DEBUG] cheese - null
[2019-07-27T21:47:57.291] [DEBUG] cheese - null
[2019-07-27T21:47:57.296] [DEBUG] cheese - null
[2019-07-27T21:48:01.189] [DEBUG] cheese - null
[2019-07-27T21:48:01.192] [DEBUG] cheese - null
[2019-07-27T21:48:01.832] [DEBUG] cheese - null
[2019-07-27T21:48:01.837] [DEBUG] cheese - null
[2019-07-27T21:48:02.380] [DEBUG] cheese - null
[2019-07-27T21:48:02.381] [DEBUG] cheese - null
[2019-07-27T21:48:04.422] [DEBUG] cheese - null
[2019-07-27T21:48:04.424] [DEBUG] cheese - null
[2019-07-27T21:48:04.427] [DEBUG] cheese - null
[2019-07-27T21:48:04.429] [DEBUG] cheese - null
[2019-07-27T21:48:07.452] [DEBUG] cheese - null
[2019-07-27T21:48:12.142] [DEBUG] cheese - null
[2019-07-27T21:48:12.147] [DEBUG] cheese - null
[2019-07-27T21:48:20.516] [DEBUG] cheese - null
[2019-07-27T21:48:20.518] [DEBUG] cheese - null
[2019-07-27T21:48:20.520] [DEBUG] cheese - null
[2019-07-27T21:48:20.522] [DEBUG] cheese - null
[2019-07-27T21:51:16.749] [DEBUG] cheese - null
[2019-07-27T21:51:16.754] [DEBUG] cheese - null
[2019-07-27T21:51:37.245] [DEBUG] cheese - null
[2019-07-27T21:51:37.247] [DEBUG] cheese - null
[2019-07-27T21:51:48.673] [DEBUG] cheese - login => username:admin,password:123456
[2019-07-27T21:51:48.673] [DEBUG] cheese - admin
[2019-07-27T21:51:48.678] [DEBUG] cheese - null
[2019-07-27T21:51:48.678] [DEBUG] cheese - null
[2019-07-28T09:27:35.428] [DEBUG] cheese - login => username:admin,password:123456
[2019-07-28T09:27:35.430] [DEBUG] cheese - admin
[2019-07-28T09:27:35.432] [DEBUG] cheese - null
[2019-07-28T09:27:35.432] [DEBUG] cheese - null
[2019-07-28T11:35:09.643] [DEBUG] cheese - null
[2019-07-28T11:36:32.846] [DEBUG] cheese - null
[2019-07-28T11:36:51.143] [DEBUG] cheese - null
[2019-07-28T11:37:08.921] [DEBUG] cheese - null
[2019-07-28T17:33:14.272] [DEBUG] cheese - null
[2019-07-28T19:22:11.450] [DEBUG] cheese - null
[2019-07-28T19:22:20.967] [DEBUG] cheese - null
[2019-07-28T19:22:40.670] [DEBUG] cheese - null
[2019-07-28T19:22:48.420] [DEBUG] cheese - null
[2019-07-28T19:23:17.081] [DEBUG] cheese - null
[2019-07-28T20:27:33.221] [DEBUG] cheese - login => username:admin,password:123456
[2019-07-28T20:27:33.221] [DEBUG] cheese - admin
[2019-07-28T20:27:33.230] [DEBUG] cheese - null
[2019-07-28T20:27:33.230] [DEBUG] cheese - null
[2019-07-28T20:27:58.085] [DEBUG] cheese - login => username:admin,password:123456
[2019-07-28T20:27:58.085] [DEBUG] cheese - admin
[2019-07-28T20:27:58.087] [DEBUG] cheese - null
[2019-07-28T20:27:58.087] [DEBUG] cheese - null
[2019-07-28T20:38:54.174] [DEBUG] cheese - login => username:admin,password:123456
[2019-07-28T20:38:54.174] [DEBUG] cheese - admin
[2019-07-28T20:38:54.176] [DEBUG] cheese - null
[2019-07-28T20:38:54.176] [DEBUG] cheese - null
[2019-07-29T09:10:43.210] [DEBUG] cheese - login => username:admin,password:123456
[2019-07-29T09:10:43.213] [DEBUG] cheese - admin
[2019-07-29T09:10:43.219] [DEBUG] cheese - null
[2019-07-29T09:10:43.219] [DEBUG] cheese - null
[2019-07-29T09:30:19.758] [DEBUG] cheese - null
[2019-07-29T09:35:59.864] [DEBUG] cheese - null
[2019-07-29T09:37:41.258] [DEBUG] cheese - null
[2019-07-29T09:39:17.620] [DEBUG] cheese - null
[2019-07-29T09:43:33.515] [DEBUG] cheese - null
[2019-07-29T10:04:56.321] [DEBUG] cheese - null
[2019-07-29T10:07:21.506] [DEBUG] cheese - null
[2019-07-29T10:18:06.056] [DEBUG] cheese - { Error: ER_BAD_FIELD_ERROR: Unknown column 'add_time' in 'field list'
    at Query.Sequence._packetToError (E:\vueShop\api-server\node_modules\mysql\lib\protocol\sequences\Sequence.js:47:14)
    at Query.ErrorPacket (E:\vueShop\api-server\node_modules\mysql\lib\protocol\sequences\Query.js:77:18)
    at Protocol._parsePacket (E:\vueShop\api-server\node_modules\mysql\lib\protocol\Protocol.js:291:23)
    at Parser._parsePacket (E:\vueShop\api-server\node_modules\mysql\lib\protocol\Parser.js:433:10)
    at Parser.write (E:\vueShop\api-server\node_modules\mysql\lib\protocol\Parser.js:43:10)
    at Protocol.write (E:\vueShop\api-server\node_modules\mysql\lib\protocol\Protocol.js:38:16)
    at Socket.<anonymous> (E:\vueShop\api-server\node_modules\mysql\lib\Connection.js:91:28)
    at Socket.<anonymous> (E:\vueShop\api-server\node_modules\mysql\lib\Connection.js:525:10)
    at Socket.emit (events.js:198:13)
    at addChunk (_stream_readable.js:288:12)
    at readableAddChunk (_stream_readable.js:269:11)
    at Socket.Readable.push (_stream_readable.js:224:10)
    at TCP.onStreamRead [as onread] (internal/stream_base_commons.js:94:17)
    --------------------
    at Protocol._enqueue (E:\vueShop\api-server\node_modules\mysql\lib\protocol\Protocol.js:144:48)
    at PoolConnection.query (E:\vueShop\api-server\node_modules\mysql\lib\Connection.js:201:25)
    at E:\vueShop\api-server\node_modules\orm\lib\Drivers\DML\mysql.js:231:9
    at Ping.onOperationComplete (E:\vueShop\api-server\node_modules\mysql\lib\Pool.js:110:5)
    at Ping.<anonymous> (E:\vueShop\api-server\node_modules\mysql\lib\Connection.js:525:10)
    at Ping._callback (E:\vueShop\api-server\node_modules\mysql\lib\Connection.js:491:16)
    at Ping.Sequence.end (E:\vueShop\api-server\node_modules\mysql\lib\protocol\sequences\Sequence.js:83:24)
    at Ping.Sequence.OkPacket (E:\vueShop\api-server\node_modules\mysql\lib\protocol\sequences\Sequence.js:92:8)
    at Protocol._parsePacket (E:\vueShop\api-server\node_modules\mysql\lib\protocol\Protocol.js:291:23)
    at Parser._parsePacket (E:\vueShop\api-server\node_modules\mysql\lib\protocol\Parser.js:433:10)
    at Parser.write (E:\vueShop\api-server\node_modules\mysql\lib\protocol\Parser.js:43:10)
    at Protocol.write (E:\vueShop\api-server\node_modules\mysql\lib\protocol\Protocol.js:38:16)
    at Socket.<anonymous> (E:\vueShop\api-server\node_modules\mysql\lib\Connection.js:91:28)
    at Socket.<anonymous> (E:\vueShop\api-server\node_modules\mysql\lib\Connection.js:525:10)
    at Socket.emit (events.js:198:13)
    at addChunk (_stream_readable.js:288:12)
  code: 'ER_BAD_FIELD_ERROR',
  errno: 1054,
  sqlMessage: 'Unknown column \'add_time\' in \'field list\'',
  sqlState: '42S22',
  index: 0,
  sql:
   'SELECT `goods_id`, `cat_id`, `goods_name`, `goods_price`, `goods_number`, `goods_weight`, `goods_introduce`, `goods_big_logo`, `goods_small_logo`, `goods_state`, `is_del`, `add_time`, `upd_time`, `delete_time`, `hot_mumber`, `is_promote`, `cat_one_id`, `cat_two_id`, `cat_three_id` FROM `sp_goods` WHERE `goods_name` = \'\' AND `is_del` = \'0\' LIMIT 1' }
[2019-07-29T10:20:31.451] [DEBUG] cheese - null
[2019-07-29T10:20:53.105] [DEBUG] cheese - null
[2019-07-29T10:24:32.060] [DEBUG] cheese - null
[2019-07-29T10:32:56.721] [DEBUG] cheese - null
[2019-07-29T11:12:28.466] [DEBUG] cheese - login => username:admin,password:123456
[2019-07-29T11:12:28.467] [DEBUG] cheese - admin
[2019-07-29T11:12:28.474] [DEBUG] cheese - null
[2019-07-29T11:12:28.475] [DEBUG] cheese - null
[2019-07-29T15:44:39.343] [DEBUG] cheese - login => username:admin,password:123456
[2019-07-29T15:44:39.343] [DEBUG] cheese - admin
[2019-07-29T15:44:39.345] [DEBUG] cheese - null
[2019-07-29T15:44:39.345] [DEBUG] cheese - null
[2019-07-29T15:46:02.716] [DEBUG] cheese - login => username:admin,password:123456
[2019-07-29T15:46:02.716] [DEBUG] cheese - admin
[2019-07-29T15:46:02.718] [DEBUG] cheese - null
[2019-07-29T15:46:02.718] [DEBUG] cheese - null
[2019-07-29T17:30:59.354] [DEBUG] cheese - login => username:admin,password:123456
[2019-07-29T17:30:59.355] [DEBUG] cheese - admin
[2019-07-29T17:30:59.483] [DEBUG] cheese - null
[2019-07-29T17:30:59.483] [DEBUG] cheese - null
[2019-07-29T19:29:12.484] [DEBUG] cheese - login => username:admin,password:123456
[2019-07-29T19:29:12.485] [DEBUG] cheese - admin
[2019-07-29T19:29:12.487] [DEBUG] cheese - null
[2019-07-29T19:29:12.487] [DEBUG] cheese - null
[2019-07-29T19:31:57.218] [DEBUG] cheese - login => username:admin,password:123456
[2019-07-29T19:31:57.219] [DEBUG] cheese - admin
[2019-07-29T19:31:57.220] [DEBUG] cheese - null
[2019-07-29T19:31:57.221] [DEBUG] cheese - null
[2019-07-29T20:40:41.010] [DEBUG] cheese - login => username:admin,password:123456
[2019-07-29T20:40:41.010] [DEBUG] cheese - admin
[2019-07-29T20:40:41.022] [DEBUG] cheese - null
[2019-07-29T20:40:41.022] [DEBUG] cheese - null
[2019-07-29T21:24:47.310] [DEBUG] cheese - login => username:xcc,password:123456
[2019-07-29T21:24:47.310] [DEBUG] cheese - xcc
[2019-07-29T21:24:47.312] [DEBUG] cheese - null
[2019-07-29T21:24:47.312] [DEBUG] cheese - null
[2019-07-29T21:24:47.461] [DEBUG] cheese - null
[2019-07-29T21:24:47.467] [DEBUG] cheese - null
[2019-07-29T21:25:56.257] [DEBUG] cheese - null
[2019-07-29T21:25:56.259] [DEBUG] cheese - null
[2019-07-29T21:26:45.670] [DEBUG] cheese - null
[2019-07-29T21:26:45.675] [DEBUG] cheese - null
[2019-07-29T21:27:20.379] [DEBUG] cheese - login => username:admin,password:123456
[2019-07-29T21:27:20.379] [DEBUG] cheese - admin
[2019-07-29T21:27:20.381] [DEBUG] cheese - null
[2019-07-29T21:27:20.382] [DEBUG] cheese - null
[2019-07-29T21:32:54.931] [DEBUG] cheese - null
[2019-07-29T22:12:28.481] [DEBUG] cheese - login => username:admin,password:123456
[2019-07-29T22:12:28.486] [DEBUG] cheese - admin
[2019-07-29T22:12:28.761] [DEBUG] cheese - null
[2019-07-29T22:12:28.763] [DEBUG] cheese - null
[2019-07-29T22:26:30.705] [DEBUG] cheese - login => username:admin,password:123456
[2019-07-29T22:26:30.705] [DEBUG] cheese - admin
[2019-07-29T22:26:30.710] [DEBUG] cheese - null
[2019-07-29T22:26:30.710] [DEBUG] cheese - null
[2019-07-29T22:30:00.863] [DEBUG] cheese - login => username:admin,password:123456
[2019-07-29T22:30:00.863] [DEBUG] cheese - admin
[2019-07-29T22:30:00.868] [DEBUG] cheese - null
[2019-07-29T22:30:00.868] [DEBUG] cheese - null
[2019-07-29T22:30:24.136] [DEBUG] cheese - login => username:xcc,password:123456
[2019-07-29T22:30:24.137] [DEBUG] cheese - xcc
[2019-07-29T22:30:24.141] [DEBUG] cheese - null
[2019-07-29T22:30:24.141] [DEBUG] cheese - null
[2019-07-29T22:30:24.414] [DEBUG] cheese - null
[2019-07-29T22:30:24.423] [DEBUG] cheese - null
[2019-07-29T22:30:58.553] [DEBUG] cheese - null
[2019-07-29T22:30:58.558] [DEBUG] cheese - null
[2019-07-29T22:31:00.354] [DEBUG] cheese - null
[2019-07-29T22:31:00.363] [DEBUG] cheese - null
[2019-07-29T22:32:05.340] [DEBUG] cheese - null
[2019-07-29T22:32:05.350] [DEBUG] cheese - null
[2019-07-29T22:32:05.356] [DEBUG] cheese - null
[2019-07-29T22:32:05.365] [DEBUG] cheese - null
[2019-07-29T22:32:12.975] [DEBUG] cheese - null
[2019-07-29T22:32:12.979] [DEBUG] cheese - null
[2019-07-29T22:32:12.985] [DEBUG] cheese - null
[2019-07-29T22:32:12.988] [DEBUG] cheese - null
[2019-07-29T22:32:16.076] [DEBUG] cheese - null
[2019-07-29T22:32:16.080] [DEBUG] cheese - null
[2019-07-29T22:32:16.085] [DEBUG] cheese - null
[2019-07-29T22:32:16.088] [DEBUG] cheese - null
[2019-07-29T22:32:17.632] [DEBUG] cheese - null
[2019-07-29T22:32:17.636] [DEBUG] cheese - null
[2019-07-29T22:32:17.640] [DEBUG] cheese - null
[2019-07-29T22:32:17.645] [DEBUG] cheese - null
[2019-07-29T22:32:18.649] [DEBUG] cheese - null
[2019-07-29T22:32:18.656] [DEBUG] cheese - null
[2019-07-29T22:32:18.661] [DEBUG] cheese - null
[2019-07-29T22:32:18.664] [DEBUG] cheese - null
[2019-07-29T22:32:20.099] [DEBUG] cheese - null
[2019-07-29T22:32:20.103] [DEBUG] cheese - null
[2019-07-29T22:32:20.109] [DEBUG] cheese - null
[2019-07-29T22:32:20.114] [DEBUG] cheese - null
[2019-07-29T22:32:20.908] [DEBUG] cheese - null
[2019-07-29T22:32:20.913] [DEBUG] cheese - null
[2019-07-29T22:32:20.917] [DEBUG] cheese - null
[2019-07-29T22:32:20.920] [DEBUG] cheese - null
[2019-07-29T22:32:23.383] [DEBUG] cheese - null
[2019-07-29T22:32:23.386] [DEBUG] cheese - null
[2019-07-29T22:32:23.391] [DEBUG] cheese - null
[2019-07-29T22:32:23.395] [DEBUG] cheese - null
[2019-07-29T22:32:24.534] [DEBUG] cheese - null
[2019-07-29T22:32:24.537] [DEBUG] cheese - null
[2019-07-29T22:32:24.543] [DEBUG] cheese - null
[2019-07-29T22:32:24.547] [DEBUG] cheese - null
[2019-07-29T22:33:30.629] [DEBUG] cheese - null
[2019-07-29T22:33:30.636] [DEBUG] cheese - null
[2019-07-29T22:33:44.344] [DEBUG] cheese - null
[2019-07-29T22:33:44.349] [DEBUG] cheese - null
[2019-07-29T22:33:44.353] [DEBUG] cheese - null
[2019-07-29T22:33:44.356] [DEBUG] cheese - null
[2019-07-29T22:34:44.961] [DEBUG] cheese - null
[2019-07-29T22:34:44.964] [DEBUG] cheese - null
[2019-07-29T22:34:44.970] [DEBUG] cheese - null
[2019-07-29T22:34:44.976] [DEBUG] cheese - null
[2019-07-29T22:34:46.141] [DEBUG] cheese - null
[2019-07-29T22:34:46.144] [DEBUG] cheese - null
[2019-07-29T22:34:46.149] [DEBUG] cheese - null
[2019-07-29T22:34:46.154] [DEBUG] cheese - null
[2019-07-29T22:34:47.350] [DEBUG] cheese - null
[2019-07-29T22:34:47.354] [DEBUG] cheese - null
[2019-07-29T22:34:47.365] [DEBUG] cheese - null
[2019-07-29T22:34:47.369] [DEBUG] cheese - null
[2019-07-29T22:34:48.006] [DEBUG] cheese - null
[2019-07-29T22:34:48.009] [DEBUG] cheese - null
[2019-07-29T22:34:48.014] [DEBUG] cheese - null
[2019-07-29T22:34:48.017] [DEBUG] cheese - null
[2019-07-29T22:34:49.147] [DEBUG] cheese - null
[2019-07-29T22:34:49.152] [DEBUG] cheese - null
[2019-07-29T22:34:49.160] [DEBUG] cheese - null
[2019-07-29T22:34:49.164] [DEBUG] cheese - null
[2019-07-29T22:34:50.180] [DEBUG] cheese - null
[2019-07-29T22:34:50.183] [DEBUG] cheese - null
[2019-07-29T22:34:50.187] [DEBUG] cheese - null
[2019-07-29T22:34:50.191] [DEBUG] cheese - null
[2019-07-29T22:34:51.250] [DEBUG] cheese - null
[2019-07-29T22:34:51.263] [DEBUG] cheese - null
[2019-07-29T22:34:51.269] [DEBUG] cheese - null
[2019-07-29T22:34:51.272] [DEBUG] cheese - null
[2019-07-29T22:34:52.134] [DEBUG] cheese - null
[2019-07-29T22:34:52.139] [DEBUG] cheese - null
[2019-07-29T22:34:52.143] [DEBUG] cheese - null
[2019-07-29T22:34:52.146] [DEBUG] cheese - null
[2019-07-29T22:34:52.899] [DEBUG] cheese - null
[2019-07-29T22:34:52.903] [DEBUG] cheese - null
[2019-07-29T22:34:52.910] [DEBUG] cheese - null
[2019-07-29T22:34:52.914] [DEBUG] cheese - null
[2019-07-29T22:34:57.353] [DEBUG] cheese - null
[2019-07-29T22:34:57.358] [DEBUG] cheese - null
[2019-07-29T22:34:57.364] [DEBUG] cheese - null
[2019-07-29T22:34:57.367] [DEBUG] cheese - null
[2019-07-29T22:35:19.307] [DEBUG] cheese - null
[2019-07-29T22:35:19.310] [DEBUG] cheese - null
[2019-07-29T22:35:19.314] [DEBUG] cheese - null
[2019-07-29T22:35:19.318] [DEBUG] cheese - null
[2019-07-29T22:35:28.456] [DEBUG] cheese - null
[2019-07-29T22:35:28.459] [DEBUG] cheese - null
[2019-07-29T22:35:28.465] [DEBUG] cheese - null
[2019-07-29T22:35:28.468] [DEBUG] cheese - null
[2019-07-29T22:35:34.117] [DEBUG] cheese - null
[2019-07-29T22:35:34.120] [DEBUG] cheese - null
[2019-07-29T22:35:34.126] [DEBUG] cheese - null
[2019-07-29T22:35:34.130] [DEBUG] cheese - null
[2019-07-29T22:36:03.022] [DEBUG] cheese - null
[2019-07-29T22:36:03.034] [DEBUG] cheese - null
[2019-07-29T22:36:03.038] [DEBUG] cheese - null
[2019-07-29T22:36:03.042] [DEBUG] cheese - null
[2019-07-29T22:36:06.238] [DEBUG] cheese - null
[2019-07-29T22:36:06.241] [DEBUG] cheese - null
[2019-07-29T22:36:06.244] [DEBUG] cheese - null
[2019-07-29T22:36:06.249] [DEBUG] cheese - null
[2019-07-29T22:36:07.154] [DEBUG] cheese - null
[2019-07-29T22:36:07.157] [DEBUG] cheese - null
[2019-07-29T22:36:07.162] [DEBUG] cheese - null
[2019-07-29T22:36:07.167] [DEBUG] cheese - null
[2019-07-29T22:36:09.933] [DEBUG] cheese - null
[2019-07-29T22:36:09.936] [DEBUG] cheese - null
[2019-07-29T22:36:09.939] [DEBUG] cheese - null
[2019-07-29T22:36:09.943] [DEBUG] cheese - null
[2019-07-29T22:36:14.965] [DEBUG] cheese - null
[2019-07-29T22:36:14.975] [DEBUG] cheese - null
[2019-07-29T22:36:14.983] [DEBUG] cheese - null
[2019-07-29T22:36:14.994] [DEBUG] cheese - null
[2019-07-29T22:36:26.099] [DEBUG] cheese - null
[2019-07-29T22:36:26.104] [DEBUG] cheese - null
[2019-07-29T22:36:26.109] [DEBUG] cheese - null
[2019-07-29T22:36:26.112] [DEBUG] cheese - null
[2019-07-29T22:36:27.310] [DEBUG] cheese - null
[2019-07-29T22:36:27.315] [DEBUG] cheese - null
[2019-07-29T22:36:27.319] [DEBUG] cheese - null
[2019-07-29T22:36:27.321] [DEBUG] cheese - null
[2019-07-29T22:36:28.260] [DEBUG] cheese - null
[2019-07-29T22:36:28.265] [DEBUG] cheese - null
[2019-07-29T22:36:28.269] [DEBUG] cheese - null
[2019-07-29T22:36:28.275] [DEBUG] cheese - null
[2019-07-29T22:36:30.910] [DEBUG] cheese - null
[2019-07-29T22:36:30.913] [DEBUG] cheese - null
[2019-07-29T22:36:30.919] [DEBUG] cheese - null
[2019-07-29T22:36:30.922] [DEBUG] cheese - null
[2019-07-29T22:36:36.055] [DEBUG] cheese - null
[2019-07-29T22:36:36.060] [DEBUG] cheese - null
[2019-07-29T22:36:36.064] [DEBUG] cheese - null
[2019-07-29T22:36:36.067] [DEBUG] cheese - null
[2019-07-29T22:36:36.793] [DEBUG] cheese - null
[2019-07-29T22:36:36.797] [DEBUG] cheese - null
[2019-07-29T22:36:36.801] [DEBUG] cheese - null
[2019-07-29T22:36:36.805] [DEBUG] cheese - null
[2019-07-29T22:36:37.468] [DEBUG] cheese - null
[2019-07-29T22:36:37.472] [DEBUG] cheese - null
[2019-07-29T22:36:37.479] [DEBUG] cheese - null
[2019-07-29T22:36:37.482] [DEBUG] cheese - null
[2019-07-29T22:36:38.107] [DEBUG] cheese - null
[2019-07-29T22:36:38.110] [DEBUG] cheese - null
[2019-07-29T22:36:38.113] [DEBUG] cheese - null
[2019-07-29T22:36:38.115] [DEBUG] cheese - null
[2019-07-29T22:36:39.258] [DEBUG] cheese - null
[2019-07-29T22:36:39.263] [DEBUG] cheese - null
[2019-07-29T22:36:39.268] [DEBUG] cheese - null
[2019-07-29T22:36:39.272] [DEBUG] cheese - null
[2019-07-29T22:36:40.878] [DEBUG] cheese - null
[2019-07-29T22:36:40.881] [DEBUG] cheese - null
[2019-07-29T22:36:40.897] [DEBUG] cheese - null
[2019-07-29T22:36:40.900] [DEBUG] cheese - null
[2019-07-29T22:43:49.383] [DEBUG] cheese - null
[2019-07-29T22:43:49.388] [DEBUG] cheese - null
[2019-07-29T22:47:24.631] [DEBUG] cheese - null
[2019-07-29T22:47:24.636] [DEBUG] cheese - null
[2019-07-29T22:47:43.565] [DEBUG] cheese - null
[2019-07-29T22:47:43.569] [DEBUG] cheese - null
[2019-07-29T22:47:43.574] [DEBUG] cheese - null
[2019-07-29T22:47:43.577] [DEBUG] cheese - null
[2019-07-30T10:15:05.702] [DEBUG] cheese - login => username:admin,password:123456
[2019-07-30T10:15:05.703] [DEBUG] cheese - admin
[2019-07-30T10:15:05.817] [DEBUG] cheese - null
[2019-07-30T10:15:05.818] [DEBUG] cheese - null
[2019-07-30T10:27:15.434] [DEBUG] cheese - login => username:admin,password:123456
[2019-07-30T10:27:15.434] [DEBUG] cheese - admin
[2019-07-30T10:27:15.440] [DEBUG] cheese - null
[2019-07-30T10:27:15.440] [DEBUG] cheese - null
[2019-07-30T10:34:55.287] [DEBUG] cheese - null
[2019-07-30T10:36:35.959] [DEBUG] cheese - null
[2019-07-30T10:36:47.885] [DEBUG] cheese - null
[2019-07-30T10:37:43.002] [DEBUG] cheese - null
[2019-07-30T11:01:22.200] [DEBUG] cheese - login => username:admin,password:123456
[2019-07-30T11:01:22.201] [DEBUG] cheese - admin
[2019-07-30T11:01:22.203] [DEBUG] cheese - null
[2019-07-30T11:01:22.203] [DEBUG] cheese - null
